{
  "stats": {
    "suites": 1,
    "tests": 35,
    "passes": 35,
    "pending": 0,
    "failures": 0,
    "start": "2021-04-17T13:25:03.899Z",
    "end": "2021-04-17T13:34:43.059Z",
    "duration": 579160,
    "testsRegistered": 35,
    "passPercent": 100,
    "pendingPercent": 0,
    "other": 0,
    "hasOther": false,
    "skipped": 0,
    "hasSkipped": false
  },
  "results": [
    {
      "uuid": "b66b05f4-3aa2-4955-b127-47a0e1660532",
      "title": "",
      "fullFile": "cypress/integration/testcase/check_pricing_set01.spec.js",
      "file": "cypress/integration/testcase/check_pricing_set01.spec.js",
      "beforeHooks": [],
      "afterHooks": [],
      "tests": [],
      "suites": [
        {
          "uuid": "a83869c3-51d0-436f-8a8f-79886dbe43ef",
          "title": "Check Class Pricing",
          "fullFile": "",
          "file": "",
          "beforeHooks": [],
          "afterHooks": [],
          "tests": [
            {
              "title": "check https://pubninja.academy/product/1720",
              "fullTitle": "Check Class Pricing check https://pubninja.academy/product/1720",
              "timedOut": null,
              "duration": 17471,
              "state": "passed",
              "speed": "slow",
              "pass": true,
              "fail": false,
              "pending": false,
              "context": null,
              "code": "cy.assertProductPrice('https://pubninja.academy/product/1720');",
              "err": {},
              "uuid": "f4142dbd-6341-4163-88c2-8cde38cb0482",
              "parentUUID": "a83869c3-51d0-436f-8a8f-79886dbe43ef",
              "isHook": false,
              "skipped": false
            },
            {
              "title": "check https://pubninja.academy/product/1747",
              "fullTitle": "Check Class Pricing check https://pubninja.academy/product/1747",
              "timedOut": null,
              "duration": 23533,
              "state": "passed",
              "speed": "slow",
              "pass": true,
              "fail": false,
              "pending": false,
              "context": null,
              "code": "cy.assertProductPrice('https://pubninja.academy/product/1747');",
              "err": {},
              "uuid": "79594936-38ee-4741-bc4a-e45e2a34b3bc",
              "parentUUID": "a83869c3-51d0-436f-8a8f-79886dbe43ef",
              "isHook": false,
              "skipped": false
            },
            {
              "title": "check https://pubninja.academy/product/1748",
              "fullTitle": "Check Class Pricing check https://pubninja.academy/product/1748",
              "timedOut": null,
              "duration": 16108,
              "state": "passed",
              "speed": "slow",
              "pass": true,
              "fail": false,
              "pending": false,
              "context": null,
              "code": "cy.assertProductPrice('https://pubninja.academy/product/1748');",
              "err": {},
              "uuid": "0f4a1648-0f6e-4213-a976-61fdac04cba5",
              "parentUUID": "a83869c3-51d0-436f-8a8f-79886dbe43ef",
              "isHook": false,
              "skipped": false
            },
            {
              "title": "check https://pubninja.academy/product/1811",
              "fullTitle": "Check Class Pricing check https://pubninja.academy/product/1811",
              "timedOut": null,
              "duration": 18043,
              "state": "passed",
              "speed": "slow",
              "pass": true,
              "fail": false,
              "pending": false,
              "context": null,
              "code": "cy.assertProductPrice('https://pubninja.academy/product/1811');",
              "err": {},
              "uuid": "14b5d7f5-803e-4427-8c4a-664624e8aab2",
              "parentUUID": "a83869c3-51d0-436f-8a8f-79886dbe43ef",
              "isHook": false,
              "skipped": false
            },
            {
              "title": "check https://pubninja.academy/product/1825",
              "fullTitle": "Check Class Pricing check https://pubninja.academy/product/1825",
              "timedOut": null,
              "duration": 15016,
              "state": "passed",
              "speed": "slow",
              "pass": true,
              "fail": false,
              "pending": false,
              "context": null,
              "code": "cy.assertProductPrice('https://pubninja.academy/product/1825');",
              "err": {},
              "uuid": "8d97e848-1b37-4549-b366-531413c00f20",
              "parentUUID": "a83869c3-51d0-436f-8a8f-79886dbe43ef",
              "isHook": false,
              "skipped": false
            },
            {
              "title": "check https://pubninja.academy/product/1845",
              "fullTitle": "Check Class Pricing check https://pubninja.academy/product/1845",
              "timedOut": null,
              "duration": 14486,
              "state": "passed",
              "speed": "slow",
              "pass": true,
              "fail": false,
              "pending": false,
              "context": null,
              "code": "cy.assertProductPrice('https://pubninja.academy/product/1845');",
              "err": {},
              "uuid": "129bfd6e-cf04-43b5-b67c-59038337d8af",
              "parentUUID": "a83869c3-51d0-436f-8a8f-79886dbe43ef",
              "isHook": false,
              "skipped": false
            },
            {
              "title": "check https://pubninja.academy/product/1850",
              "fullTitle": "Check Class Pricing check https://pubninja.academy/product/1850",
              "timedOut": null,
              "duration": 14998,
              "state": "passed",
              "speed": "slow",
              "pass": true,
              "fail": false,
              "pending": false,
              "context": null,
              "code": "cy.assertProductPrice('https://pubninja.academy/product/1850');",
              "err": {},
              "uuid": "fb328dc8-2903-42b7-b8dc-d50a178f17a4",
              "parentUUID": "a83869c3-51d0-436f-8a8f-79886dbe43ef",
              "isHook": false,
              "skipped": false
            },
            {
              "title": "check https://pubninja.academy/product/1861",
              "fullTitle": "Check Class Pricing check https://pubninja.academy/product/1861",
              "timedOut": null,
              "duration": 15398,
              "state": "passed",
              "speed": "slow",
              "pass": true,
              "fail": false,
              "pending": false,
              "context": null,
              "code": "cy.assertProductPrice('https://pubninja.academy/product/1861');",
              "err": {},
              "uuid": "48af52b6-d7ae-45b2-87cb-84321e2a3ef3",
              "parentUUID": "a83869c3-51d0-436f-8a8f-79886dbe43ef",
              "isHook": false,
              "skipped": false
            },
            {
              "title": "check https://pubninja.academy/product/1878",
              "fullTitle": "Check Class Pricing check https://pubninja.academy/product/1878",
              "timedOut": null,
              "duration": 25820,
              "state": "passed",
              "speed": "slow",
              "pass": true,
              "fail": false,
              "pending": false,
              "context": null,
              "code": "cy.assertProductPrice('https://pubninja.academy/product/1878');",
              "err": {},
              "uuid": "65a3fc0a-c588-439a-8492-25218aac41b4",
              "parentUUID": "a83869c3-51d0-436f-8a8f-79886dbe43ef",
              "isHook": false,
              "skipped": false
            },
            {
              "title": "check https://pubninja.academy/product/1882",
              "fullTitle": "Check Class Pricing check https://pubninja.academy/product/1882",
              "timedOut": null,
              "duration": 16666,
              "state": "passed",
              "speed": "slow",
              "pass": true,
              "fail": false,
              "pending": false,
              "context": null,
              "code": "cy.assertProductPrice('https://pubninja.academy/product/1882');",
              "err": {},
              "uuid": "63bf5065-863d-4b63-9679-eb533111f514",
              "parentUUID": "a83869c3-51d0-436f-8a8f-79886dbe43ef",
              "isHook": false,
              "skipped": false
            },
            {
              "title": "check https://pubninja.academy/product/1883",
              "fullTitle": "Check Class Pricing check https://pubninja.academy/product/1883",
              "timedOut": null,
              "duration": 16939,
              "state": "passed",
              "speed": "slow",
              "pass": true,
              "fail": false,
              "pending": false,
              "context": null,
              "code": "cy.assertProductPrice('https://pubninja.academy/product/1883');",
              "err": {},
              "uuid": "dba8d3d5-cea7-4979-a733-9f02efde7433",
              "parentUUID": "a83869c3-51d0-436f-8a8f-79886dbe43ef",
              "isHook": false,
              "skipped": false
            },
            {
              "title": "check https://pubninja.academy/product/1885",
              "fullTitle": "Check Class Pricing check https://pubninja.academy/product/1885",
              "timedOut": null,
              "duration": 16650,
              "state": "passed",
              "speed": "slow",
              "pass": true,
              "fail": false,
              "pending": false,
              "context": null,
              "code": "cy.assertProductPrice('https://pubninja.academy/product/1885');",
              "err": {},
              "uuid": "b79767b4-f0a1-4ce1-bed4-b9e9c471659c",
              "parentUUID": "a83869c3-51d0-436f-8a8f-79886dbe43ef",
              "isHook": false,
              "skipped": false
            },
            {
              "title": "check https://pubninja.academy/product/1889",
              "fullTitle": "Check Class Pricing check https://pubninja.academy/product/1889",
              "timedOut": null,
              "duration": 4496,
              "state": "passed",
              "speed": "slow",
              "pass": true,
              "fail": false,
              "pending": false,
              "context": null,
              "code": "cy.assertProductPrice('https://pubninja.academy/product/1889');",
              "err": {},
              "uuid": "b0888c9f-f845-483c-baec-bf796f7552c5",
              "parentUUID": "a83869c3-51d0-436f-8a8f-79886dbe43ef",
              "isHook": false,
              "skipped": false
            },
            {
              "title": "check https://pubninja.academy/product/1892",
              "fullTitle": "Check Class Pricing check https://pubninja.academy/product/1892",
              "timedOut": null,
              "duration": 4550,
              "state": "passed",
              "speed": "slow",
              "pass": true,
              "fail": false,
              "pending": false,
              "context": null,
              "code": "cy.assertProductPrice('https://pubninja.academy/product/1892');",
              "err": {},
              "uuid": "0748b172-721d-4b4a-a270-6cbda4785473",
              "parentUUID": "a83869c3-51d0-436f-8a8f-79886dbe43ef",
              "isHook": false,
              "skipped": false
            },
            {
              "title": "check https://pubninja.academy/product/1893",
              "fullTitle": "Check Class Pricing check https://pubninja.academy/product/1893",
              "timedOut": null,
              "duration": 19550,
              "state": "passed",
              "speed": "slow",
              "pass": true,
              "fail": false,
              "pending": false,
              "context": null,
              "code": "cy.assertProductPrice('https://pubninja.academy/product/1893');",
              "err": {},
              "uuid": "4e5738a1-a42f-4d04-9733-b08268970957",
              "parentUUID": "a83869c3-51d0-436f-8a8f-79886dbe43ef",
              "isHook": false,
              "skipped": false
            },
            {
              "title": "check https://pubninja.academy/product/1897",
              "fullTitle": "Check Class Pricing check https://pubninja.academy/product/1897",
              "timedOut": null,
              "duration": 15925,
              "state": "passed",
              "speed": "slow",
              "pass": true,
              "fail": false,
              "pending": false,
              "context": null,
              "code": "cy.assertProductPrice('https://pubninja.academy/product/1897');",
              "err": {},
              "uuid": "65c15004-9ad8-4702-a1fb-c9ce27ce6d30",
              "parentUUID": "a83869c3-51d0-436f-8a8f-79886dbe43ef",
              "isHook": false,
              "skipped": false
            },
            {
              "title": "check https://pubninja.academy/product/1898",
              "fullTitle": "Check Class Pricing check https://pubninja.academy/product/1898",
              "timedOut": null,
              "duration": 18108,
              "state": "passed",
              "speed": "slow",
              "pass": true,
              "fail": false,
              "pending": false,
              "context": null,
              "code": "cy.assertProductPrice('https://pubninja.academy/product/1898');",
              "err": {},
              "uuid": "1b415537-87bc-413e-8bde-a563c733d874",
              "parentUUID": "a83869c3-51d0-436f-8a8f-79886dbe43ef",
              "isHook": false,
              "skipped": false
            },
            {
              "title": "check https://pubninja.academy/product/1899",
              "fullTitle": "Check Class Pricing check https://pubninja.academy/product/1899",
              "timedOut": null,
              "duration": 20166,
              "state": "passed",
              "speed": "slow",
              "pass": true,
              "fail": false,
              "pending": false,
              "context": null,
              "code": "cy.assertProductPrice('https://pubninja.academy/product/1899');",
              "err": {},
              "uuid": "02e94741-bc3f-4313-b9d5-3d86907f578e",
              "parentUUID": "a83869c3-51d0-436f-8a8f-79886dbe43ef",
              "isHook": false,
              "skipped": false
            },
            {
              "title": "check https://pubninja.academy/product/1900",
              "fullTitle": "Check Class Pricing check https://pubninja.academy/product/1900",
              "timedOut": null,
              "duration": 16868,
              "state": "passed",
              "speed": "slow",
              "pass": true,
              "fail": false,
              "pending": false,
              "context": null,
              "code": "cy.assertProductPrice('https://pubninja.academy/product/1900');",
              "err": {},
              "uuid": "d9635528-1b95-416c-875f-fc0ed28d7661",
              "parentUUID": "a83869c3-51d0-436f-8a8f-79886dbe43ef",
              "isHook": false,
              "skipped": false
            },
            {
              "title": "check https://pubninja.academy/product/1901",
              "fullTitle": "Check Class Pricing check https://pubninja.academy/product/1901",
              "timedOut": null,
              "duration": 17574,
              "state": "passed",
              "speed": "slow",
              "pass": true,
              "fail": false,
              "pending": false,
              "context": null,
              "code": "cy.assertProductPrice('https://pubninja.academy/product/1901');",
              "err": {},
              "uuid": "624d98c3-6c4f-4839-8263-a8e28342e34b",
              "parentUUID": "a83869c3-51d0-436f-8a8f-79886dbe43ef",
              "isHook": false,
              "skipped": false
            },
            {
              "title": "check https://pubninja.academy/product/1905",
              "fullTitle": "Check Class Pricing check https://pubninja.academy/product/1905",
              "timedOut": null,
              "duration": 15087,
              "state": "passed",
              "speed": "slow",
              "pass": true,
              "fail": false,
              "pending": false,
              "context": null,
              "code": "cy.assertProductPrice('https://pubninja.academy/product/1905');",
              "err": {},
              "uuid": "ac9ff661-1b06-4107-b342-881566d2d3f8",
              "parentUUID": "a83869c3-51d0-436f-8a8f-79886dbe43ef",
              "isHook": false,
              "skipped": false
            },
            {
              "title": "check https://pubninja.academy/product/1907",
              "fullTitle": "Check Class Pricing check https://pubninja.academy/product/1907",
              "timedOut": null,
              "duration": 4642,
              "state": "passed",
              "speed": "slow",
              "pass": true,
              "fail": false,
              "pending": false,
              "context": null,
              "code": "cy.assertProductPrice('https://pubninja.academy/product/1907');",
              "err": {},
              "uuid": "7f27c06a-ebc3-4b39-9c6f-bd1631ee9c36",
              "parentUUID": "a83869c3-51d0-436f-8a8f-79886dbe43ef",
              "isHook": false,
              "skipped": false
            },
            {
              "title": "check https://pubninja.academy/product/1912",
              "fullTitle": "Check Class Pricing check https://pubninja.academy/product/1912",
              "timedOut": null,
              "duration": 17073,
              "state": "passed",
              "speed": "slow",
              "pass": true,
              "fail": false,
              "pending": false,
              "context": null,
              "code": "cy.assertProductPrice('https://pubninja.academy/product/1912');",
              "err": {},
              "uuid": "06101b63-bfcb-46ac-84e6-2487e5b34199",
              "parentUUID": "a83869c3-51d0-436f-8a8f-79886dbe43ef",
              "isHook": false,
              "skipped": false
            },
            {
              "title": "check https://pubninja.academy/product/1913",
              "fullTitle": "Check Class Pricing check https://pubninja.academy/product/1913",
              "timedOut": null,
              "duration": 17156,
              "state": "passed",
              "speed": "slow",
              "pass": true,
              "fail": false,
              "pending": false,
              "context": null,
              "code": "cy.assertProductPrice('https://pubninja.academy/product/1913');",
              "err": {},
              "uuid": "b87919f6-005d-4f6a-8ac3-d7b967eba799",
              "parentUUID": "a83869c3-51d0-436f-8a8f-79886dbe43ef",
              "isHook": false,
              "skipped": false
            },
            {
              "title": "check https://pubninja.academy/product/1917",
              "fullTitle": "Check Class Pricing check https://pubninja.academy/product/1917",
              "timedOut": null,
              "duration": 15211,
              "state": "passed",
              "speed": "slow",
              "pass": true,
              "fail": false,
              "pending": false,
              "context": null,
              "code": "cy.assertProductPrice('https://pubninja.academy/product/1917');",
              "err": {},
              "uuid": "c83d4e6e-6a54-4672-af2e-5664f49d5801",
              "parentUUID": "a83869c3-51d0-436f-8a8f-79886dbe43ef",
              "isHook": false,
              "skipped": false
            },
            {
              "title": "check https://pubninja.academy/product/1918",
              "fullTitle": "Check Class Pricing check https://pubninja.academy/product/1918",
              "timedOut": null,
              "duration": 16030,
              "state": "passed",
              "speed": "slow",
              "pass": true,
              "fail": false,
              "pending": false,
              "context": null,
              "code": "cy.assertProductPrice('https://pubninja.academy/product/1918');",
              "err": {},
              "uuid": "3303d290-74bc-4653-b03c-6f64b059db0b",
              "parentUUID": "a83869c3-51d0-436f-8a8f-79886dbe43ef",
              "isHook": false,
              "skipped": false
            },
            {
              "title": "check https://pubninja.academy/product/1922",
              "fullTitle": "Check Class Pricing check https://pubninja.academy/product/1922",
              "timedOut": null,
              "duration": 16907,
              "state": "passed",
              "speed": "slow",
              "pass": true,
              "fail": false,
              "pending": false,
              "context": null,
              "code": "cy.assertProductPrice('https://pubninja.academy/product/1922');",
              "err": {},
              "uuid": "2a71037d-4f95-4ba9-9bba-6e432f8f2167",
              "parentUUID": "a83869c3-51d0-436f-8a8f-79886dbe43ef",
              "isHook": false,
              "skipped": false
            },
            {
              "title": "check https://pubninja.academy/product/1923",
              "fullTitle": "Check Class Pricing check https://pubninja.academy/product/1923",
              "timedOut": null,
              "duration": 16167,
              "state": "passed",
              "speed": "slow",
              "pass": true,
              "fail": false,
              "pending": false,
              "context": null,
              "code": "cy.assertProductPrice('https://pubninja.academy/product/1923');",
              "err": {},
              "uuid": "201e150b-c094-4cd6-a857-903584e0ade3",
              "parentUUID": "a83869c3-51d0-436f-8a8f-79886dbe43ef",
              "isHook": false,
              "skipped": false
            },
            {
              "title": "check https://pubninja.academy/product/1924",
              "fullTitle": "Check Class Pricing check https://pubninja.academy/product/1924",
              "timedOut": null,
              "duration": 16864,
              "state": "passed",
              "speed": "slow",
              "pass": true,
              "fail": false,
              "pending": false,
              "context": null,
              "code": "cy.assertProductPrice('https://pubninja.academy/product/1924');",
              "err": {},
              "uuid": "e9c1883d-5c92-44dc-b2c6-5fd5605f10da",
              "parentUUID": "a83869c3-51d0-436f-8a8f-79886dbe43ef",
              "isHook": false,
              "skipped": false
            },
            {
              "title": "check https://pubninja.academy/product/1927",
              "fullTitle": "Check Class Pricing check https://pubninja.academy/product/1927",
              "timedOut": null,
              "duration": 16394,
              "state": "passed",
              "speed": "slow",
              "pass": true,
              "fail": false,
              "pending": false,
              "context": null,
              "code": "cy.assertProductPrice('https://pubninja.academy/product/1927');",
              "err": {},
              "uuid": "fa0aca81-4aa4-4b67-9de3-d17559edfc35",
              "parentUUID": "a83869c3-51d0-436f-8a8f-79886dbe43ef",
              "isHook": false,
              "skipped": false
            },
            {
              "title": "check https://pubninja.academy/product/1928",
              "fullTitle": "Check Class Pricing check https://pubninja.academy/product/1928",
              "timedOut": null,
              "duration": 16153,
              "state": "passed",
              "speed": "slow",
              "pass": true,
              "fail": false,
              "pending": false,
              "context": null,
              "code": "cy.assertProductPrice('https://pubninja.academy/product/1928');",
              "err": {},
              "uuid": "11d80428-11d4-41ef-87af-463a149e4134",
              "parentUUID": "a83869c3-51d0-436f-8a8f-79886dbe43ef",
              "isHook": false,
              "skipped": false
            },
            {
              "title": "check https://pubninja.academy/product/1930",
              "fullTitle": "Check Class Pricing check https://pubninja.academy/product/1930",
              "timedOut": null,
              "duration": 16617,
              "state": "passed",
              "speed": "slow",
              "pass": true,
              "fail": false,
              "pending": false,
              "context": null,
              "code": "cy.assertProductPrice('https://pubninja.academy/product/1930');",
              "err": {},
              "uuid": "e70be5f8-eb31-4add-8e0a-5addb6c78821",
              "parentUUID": "a83869c3-51d0-436f-8a8f-79886dbe43ef",
              "isHook": false,
              "skipped": false
            },
            {
              "title": "checkhttps://pubninja.academy/product/1932 ",
              "fullTitle": "Check Class Pricing checkhttps://pubninja.academy/product/1932 ",
              "timedOut": null,
              "duration": 18345,
              "state": "passed",
              "speed": "slow",
              "pass": true,
              "fail": false,
              "pending": false,
              "context": null,
              "code": "cy.assertProductPrice('https://pubninja.academy/product/1932');",
              "err": {},
              "uuid": "d4a665fc-544f-439c-83ba-affee8b7a7ff",
              "parentUUID": "a83869c3-51d0-436f-8a8f-79886dbe43ef",
              "isHook": false,
              "skipped": false
            },
            {
              "title": "check https://pubninja.academy/product/1935",
              "fullTitle": "Check Class Pricing check https://pubninja.academy/product/1935",
              "timedOut": null,
              "duration": 17860,
              "state": "passed",
              "speed": "slow",
              "pass": true,
              "fail": false,
              "pending": false,
              "context": null,
              "code": "cy.assertProductPrice('https://pubninja.academy/product/1935');",
              "err": {},
              "uuid": "c0b81a39-c634-4fab-a97a-345d1282bef4",
              "parentUUID": "a83869c3-51d0-436f-8a8f-79886dbe43ef",
              "isHook": false,
              "skipped": false
            },
            {
              "title": "check https://pubninja.academy/product/1940",
              "fullTitle": "Check Class Pricing check https://pubninja.academy/product/1940",
              "timedOut": null,
              "duration": 17509,
              "state": "passed",
              "speed": "slow",
              "pass": true,
              "fail": false,
              "pending": false,
              "context": null,
              "code": "cy.assertProductPrice('https://pubninja.academy/product/1940');",
              "err": {},
              "uuid": "2f8c36db-8e8a-4c9c-aae3-6a3f2d2bf984",
              "parentUUID": "a83869c3-51d0-436f-8a8f-79886dbe43ef",
              "isHook": false,
              "skipped": false
            }
          ],
          "suites": [],
          "passes": [
            "f4142dbd-6341-4163-88c2-8cde38cb0482",
            "79594936-38ee-4741-bc4a-e45e2a34b3bc",
            "0f4a1648-0f6e-4213-a976-61fdac04cba5",
            "14b5d7f5-803e-4427-8c4a-664624e8aab2",
            "8d97e848-1b37-4549-b366-531413c00f20",
            "129bfd6e-cf04-43b5-b67c-59038337d8af",
            "fb328dc8-2903-42b7-b8dc-d50a178f17a4",
            "48af52b6-d7ae-45b2-87cb-84321e2a3ef3",
            "65a3fc0a-c588-439a-8492-25218aac41b4",
            "63bf5065-863d-4b63-9679-eb533111f514",
            "dba8d3d5-cea7-4979-a733-9f02efde7433",
            "b79767b4-f0a1-4ce1-bed4-b9e9c471659c",
            "b0888c9f-f845-483c-baec-bf796f7552c5",
            "0748b172-721d-4b4a-a270-6cbda4785473",
            "4e5738a1-a42f-4d04-9733-b08268970957",
            "65c15004-9ad8-4702-a1fb-c9ce27ce6d30",
            "1b415537-87bc-413e-8bde-a563c733d874",
            "02e94741-bc3f-4313-b9d5-3d86907f578e",
            "d9635528-1b95-416c-875f-fc0ed28d7661",
            "624d98c3-6c4f-4839-8263-a8e28342e34b",
            "ac9ff661-1b06-4107-b342-881566d2d3f8",
            "7f27c06a-ebc3-4b39-9c6f-bd1631ee9c36",
            "06101b63-bfcb-46ac-84e6-2487e5b34199",
            "b87919f6-005d-4f6a-8ac3-d7b967eba799",
            "c83d4e6e-6a54-4672-af2e-5664f49d5801",
            "3303d290-74bc-4653-b03c-6f64b059db0b",
            "2a71037d-4f95-4ba9-9bba-6e432f8f2167",
            "201e150b-c094-4cd6-a857-903584e0ade3",
            "e9c1883d-5c92-44dc-b2c6-5fd5605f10da",
            "fa0aca81-4aa4-4b67-9de3-d17559edfc35",
            "11d80428-11d4-41ef-87af-463a149e4134",
            "e70be5f8-eb31-4add-8e0a-5addb6c78821",
            "d4a665fc-544f-439c-83ba-affee8b7a7ff",
            "c0b81a39-c634-4fab-a97a-345d1282bef4",
            "2f8c36db-8e8a-4c9c-aae3-6a3f2d2bf984"
          ],
          "failures": [],
          "pending": [],
          "skipped": [],
          "duration": 566380,
          "root": false,
          "rootEmpty": false,
          "_timeout": 2000
        }
      ],
      "passes": [],
      "failures": [],
      "pending": [],
      "skipped": [],
      "duration": 0,
      "root": true,
      "rootEmpty": true,
      "_timeout": 2000
    }
  ],
  "meta": {
    "mocha": {
      "version": "7.0.1"
    },
    "mochawesome": {
      "options": {
        "quiet": false,
        "reportFilename": "report",
        "saveHtml": true,
        "saveJson": true,
        "consoleReporter": "spec",
        "useInlineDiffs": false,
        "code": true
      },
      "version": "6.2.2"
    },
    "marge": {
      "options": {
        "reportDir": "cypress/reports",
        "reportFilename": "report",
        "overwrite": false,
        "html": true,
        "json": true,
        "timestamp": "mmddyyyy_HHMMss"
      },
      "version": "5.2.0"
    }
  }
}