{
  "stats": {
    "suites": 1,
    "tests": 10,
    "passes": 10,
    "pending": 0,
    "failures": 0,
    "start": "2021-04-17T12:01:23.649Z",
    "end": "2021-04-17T12:04:05.481Z",
    "duration": 161832,
    "testsRegistered": 10,
    "passPercent": 100,
    "pendingPercent": 0,
    "other": 0,
    "hasOther": false,
    "skipped": 0,
    "hasSkipped": false
  },
  "results": [
    {
      "uuid": "001f8ba6-c78c-4c61-a544-ee491cc861d3",
      "title": "",
      "fullFile": "cypress/integration/testcase/check_pricing.spec.js",
      "file": "cypress/integration/testcase/check_pricing.spec.js",
      "beforeHooks": [],
      "afterHooks": [],
      "tests": [],
      "suites": [
        {
          "uuid": "b3414fb3-a282-4c6c-9921-8ca03d629a79",
          "title": "Check Class Pricing",
          "fullFile": "",
          "file": "",
          "beforeHooks": [],
          "afterHooks": [],
          "tests": [
            {
              "title": "Check Product_id 2371",
              "fullTitle": "Check Class Pricing Check Product_id 2371",
              "timedOut": null,
              "duration": 20081,
              "state": "passed",
              "speed": "slow",
              "pass": true,
              "fail": false,
              "pending": false,
              "context": null,
              "code": "cy.assertProductPrice('https://pubninja.academy/product/2373');",
              "err": {},
              "uuid": "9078bea3-f021-4bab-8c7a-3e61d3f56643",
              "parentUUID": "b3414fb3-a282-4c6c-9921-8ca03d629a79",
              "isHook": false,
              "skipped": false
            },
            {
              "title": "Check Product_id 2300",
              "fullTitle": "Check Class Pricing Check Product_id 2300",
              "timedOut": null,
              "duration": 4942,
              "state": "passed",
              "speed": "slow",
              "pass": true,
              "fail": false,
              "pending": false,
              "context": null,
              "code": "cy.assertProductPrice('https://pubninja.academy/product/2300');",
              "err": {},
              "uuid": "f816370a-d50c-4a56-8598-3836917603e7",
              "parentUUID": "b3414fb3-a282-4c6c-9921-8ca03d629a79",
              "isHook": false,
              "skipped": false
            },
            {
              "title": "Check Product_id 2453",
              "fullTitle": "Check Class Pricing Check Product_id 2453",
              "timedOut": null,
              "duration": 20069,
              "state": "passed",
              "speed": "slow",
              "pass": true,
              "fail": false,
              "pending": false,
              "context": null,
              "code": "cy.assertProductPrice('https://pubninja.academy/product/2453');",
              "err": {},
              "uuid": "45ea356c-8be6-4a6b-a3e5-f22747ea0e4e",
              "parentUUID": "b3414fb3-a282-4c6c-9921-8ca03d629a79",
              "isHook": false,
              "skipped": false
            },
            {
              "title": "Check Product_id 2443",
              "fullTitle": "Check Class Pricing Check Product_id 2443",
              "timedOut": null,
              "duration": 17985,
              "state": "passed",
              "speed": "slow",
              "pass": true,
              "fail": false,
              "pending": false,
              "context": null,
              "code": "cy.assertProductPrice('https://pubninja.academy/product/2443');",
              "err": {},
              "uuid": "997dce61-89c8-49a8-b481-2cfc985fe378",
              "parentUUID": "b3414fb3-a282-4c6c-9921-8ca03d629a79",
              "isHook": false,
              "skipped": false
            },
            {
              "title": "Check Product_id 2424",
              "fullTitle": "Check Class Pricing Check Product_id 2424",
              "timedOut": null,
              "duration": 24126,
              "state": "passed",
              "speed": "slow",
              "pass": true,
              "fail": false,
              "pending": false,
              "context": null,
              "code": "cy.assertProductPrice('https://pubninja.academy/product/2424');",
              "err": {},
              "uuid": "3886df60-e9f5-443e-b716-67229d1fb5e1",
              "parentUUID": "b3414fb3-a282-4c6c-9921-8ca03d629a79",
              "isHook": false,
              "skipped": false
            },
            {
              "title": "Check Product_id 2417",
              "fullTitle": "Check Class Pricing Check Product_id 2417",
              "timedOut": null,
              "duration": 3878,
              "state": "passed",
              "speed": "slow",
              "pass": true,
              "fail": false,
              "pending": false,
              "context": null,
              "code": "cy.assertProductPrice('https://pubninja.academy/product/2417');",
              "err": {},
              "uuid": "9c981017-6d4e-4169-9464-fd8120b37e0d",
              "parentUUID": "b3414fb3-a282-4c6c-9921-8ca03d629a79",
              "isHook": false,
              "skipped": false
            },
            {
              "title": "Check Product_id 2414",
              "fullTitle": "Check Class Pricing Check Product_id 2414",
              "timedOut": null,
              "duration": 21505,
              "state": "passed",
              "speed": "slow",
              "pass": true,
              "fail": false,
              "pending": false,
              "context": null,
              "code": "cy.assertProductPrice('https://pubninja.academy/product/2414');",
              "err": {},
              "uuid": "c9f68433-6c02-4688-acb7-8415235a97a6",
              "parentUUID": "b3414fb3-a282-4c6c-9921-8ca03d629a79",
              "isHook": false,
              "skipped": false
            },
            {
              "title": "Check Product_id 2385",
              "fullTitle": "Check Class Pricing Check Product_id 2385",
              "timedOut": null,
              "duration": 17599,
              "state": "passed",
              "speed": "slow",
              "pass": true,
              "fail": false,
              "pending": false,
              "context": null,
              "code": "cy.assertProductPrice('https://pubninja.academy/product/2385');",
              "err": {},
              "uuid": "6e6a4461-4860-40b2-91e9-ac521868aff7",
              "parentUUID": "b3414fb3-a282-4c6c-9921-8ca03d629a79",
              "isHook": false,
              "skipped": false
            },
            {
              "title": "Check Product_id 2374",
              "fullTitle": "Check Class Pricing Check Product_id 2374",
              "timedOut": null,
              "duration": 4612,
              "state": "passed",
              "speed": "slow",
              "pass": true,
              "fail": false,
              "pending": false,
              "context": null,
              "code": "cy.assertProductPrice('https://pubninja.academy/product/2374');",
              "err": {},
              "uuid": "3fd16990-5471-42b0-8d40-8f425a0736f4",
              "parentUUID": "b3414fb3-a282-4c6c-9921-8ca03d629a79",
              "isHook": false,
              "skipped": false
            },
            {
              "title": "Check Product_id 2367",
              "fullTitle": "Check Class Pricing Check Product_id 2367",
              "timedOut": null,
              "duration": 19683,
              "state": "passed",
              "speed": "slow",
              "pass": true,
              "fail": false,
              "pending": false,
              "context": null,
              "code": "cy.assertProductPrice('https://pubninja.academy/product/2367');",
              "err": {},
              "uuid": "202ea36f-6e9d-4a26-903c-132bbf1dd667",
              "parentUUID": "b3414fb3-a282-4c6c-9921-8ca03d629a79",
              "isHook": false,
              "skipped": false
            }
          ],
          "suites": [],
          "passes": [
            "9078bea3-f021-4bab-8c7a-3e61d3f56643",
            "f816370a-d50c-4a56-8598-3836917603e7",
            "45ea356c-8be6-4a6b-a3e5-f22747ea0e4e",
            "997dce61-89c8-49a8-b481-2cfc985fe378",
            "3886df60-e9f5-443e-b716-67229d1fb5e1",
            "9c981017-6d4e-4169-9464-fd8120b37e0d",
            "c9f68433-6c02-4688-acb7-8415235a97a6",
            "6e6a4461-4860-40b2-91e9-ac521868aff7",
            "3fd16990-5471-42b0-8d40-8f425a0736f4",
            "202ea36f-6e9d-4a26-903c-132bbf1dd667"
          ],
          "failures": [],
          "pending": [],
          "skipped": [],
          "duration": 154480,
          "root": false,
          "rootEmpty": false,
          "_timeout": 2000
        }
      ],
      "passes": [],
      "failures": [],
      "pending": [],
      "skipped": [],
      "duration": 0,
      "root": true,
      "rootEmpty": true,
      "_timeout": 2000
    }
  ],
  "meta": {
    "mocha": {
      "version": "7.0.1"
    },
    "mochawesome": {
      "options": {
        "quiet": false,
        "reportFilename": "report",
        "saveHtml": true,
        "saveJson": true,
        "consoleReporter": "spec",
        "useInlineDiffs": false,
        "code": true
      },
      "version": "6.2.2"
    },
    "marge": {
      "options": {
        "reportDir": "cypress/reports",
        "reportFilename": "report",
        "overwrite": false,
        "html": true,
        "json": true,
        "timestamp": "mmddyyyy_HHMMss"
      },
      "version": "5.2.0"
    }
  }
}