{
  "stats": {
    "suites": 1,
    "tests": 471,
    "passes": 457,
    "pending": 0,
    "failures": 14,
    "start": "2021-04-17T14:14:41.123Z",
    "end": "2021-04-17T16:54:55.233Z",
    "duration": 9614110,
    "testsRegistered": 471,
    "passPercent": 97.0276008492569,
    "pendingPercent": 0,
    "other": 0,
    "hasOther": false,
    "skipped": 0,
    "hasSkipped": false
  },
  "results": [
    {
      "uuid": "c81b5b40-37f1-4988-aff5-013a3d2fb400",
      "title": "",
      "fullFile": "cypress/integration/testcase/check_all_product_pricing_spec.js",
      "file": "cypress/integration/testcase/check_all_product_pricing_spec.js",
      "beforeHooks": [],
      "afterHooks": [],
      "tests": [],
      "suites": [
        {
          "uuid": "684fbf4d-c4d6-4b3c-8ef8-12e313411190",
          "title": "Check Class Pricing",
          "fullFile": "",
          "file": "",
          "beforeHooks": [],
          "afterHooks": [],
          "tests": [
            {
              "title": "check https://pubninja.academy/product/1720",
              "fullTitle": "Check Class Pricing check https://pubninja.academy/product/1720",
              "timedOut": null,
              "duration": 18542,
              "state": "passed",
              "speed": "slow",
              "pass": true,
              "fail": false,
              "pending": false,
              "context": null,
              "code": "cy.assertProductPrice('https://pubninja.academy/product/1720');",
              "err": {},
              "uuid": "cd1bd0ee-307d-464b-bdc6-82bb5400340d",
              "parentUUID": "684fbf4d-c4d6-4b3c-8ef8-12e313411190",
              "isHook": false,
              "skipped": false
            },
            {
              "title": "check https://pubninja.academy/product/1747",
              "fullTitle": "Check Class Pricing check https://pubninja.academy/product/1747",
              "timedOut": null,
              "duration": 20247,
              "state": "passed",
              "speed": "slow",
              "pass": true,
              "fail": false,
              "pending": false,
              "context": null,
              "code": "cy.assertProductPrice('https://pubninja.academy/product/1747');",
              "err": {},
              "uuid": "c08ba5bf-08e1-487a-970d-f10169b63693",
              "parentUUID": "684fbf4d-c4d6-4b3c-8ef8-12e313411190",
              "isHook": false,
              "skipped": false
            },
            {
              "title": "check https://pubninja.academy/product/1748",
              "fullTitle": "Check Class Pricing check https://pubninja.academy/product/1748",
              "timedOut": null,
              "duration": 15957,
              "state": "passed",
              "speed": "slow",
              "pass": true,
              "fail": false,
              "pending": false,
              "context": null,
              "code": "cy.assertProductPrice('https://pubninja.academy/product/1748');",
              "err": {},
              "uuid": "258ccf4d-6dce-45c1-9f3b-485ac9242109",
              "parentUUID": "684fbf4d-c4d6-4b3c-8ef8-12e313411190",
              "isHook": false,
              "skipped": false
            },
            {
              "title": "check https://pubninja.academy/product/1811",
              "fullTitle": "Check Class Pricing check https://pubninja.academy/product/1811",
              "timedOut": null,
              "duration": 17760,
              "state": "passed",
              "speed": "slow",
              "pass": true,
              "fail": false,
              "pending": false,
              "context": null,
              "code": "cy.assertProductPrice('https://pubninja.academy/product/1811');",
              "err": {},
              "uuid": "b64b4dff-af71-43a3-9f27-4395e53499a9",
              "parentUUID": "684fbf4d-c4d6-4b3c-8ef8-12e313411190",
              "isHook": false,
              "skipped": false
            },
            {
              "title": "check https://pubninja.academy/product/1825",
              "fullTitle": "Check Class Pricing check https://pubninja.academy/product/1825",
              "timedOut": null,
              "duration": 18075,
              "state": "passed",
              "speed": "slow",
              "pass": true,
              "fail": false,
              "pending": false,
              "context": null,
              "code": "cy.assertProductPrice('https://pubninja.academy/product/1825');",
              "err": {},
              "uuid": "32c26f73-a84e-44e6-9d62-236f1257955c",
              "parentUUID": "684fbf4d-c4d6-4b3c-8ef8-12e313411190",
              "isHook": false,
              "skipped": false
            },
            {
              "title": "check https://pubninja.academy/product/1845",
              "fullTitle": "Check Class Pricing check https://pubninja.academy/product/1845",
              "timedOut": null,
              "duration": 21965,
              "state": "passed",
              "speed": "slow",
              "pass": true,
              "fail": false,
              "pending": false,
              "context": null,
              "code": "cy.assertProductPrice('https://pubninja.academy/product/1845');",
              "err": {},
              "uuid": "1e43017a-0170-4078-957e-8da7523e0ff4",
              "parentUUID": "684fbf4d-c4d6-4b3c-8ef8-12e313411190",
              "isHook": false,
              "skipped": false
            },
            {
              "title": "check https://pubninja.academy/product/1850",
              "fullTitle": "Check Class Pricing check https://pubninja.academy/product/1850",
              "timedOut": null,
              "duration": 21729,
              "state": "passed",
              "speed": "slow",
              "pass": true,
              "fail": false,
              "pending": false,
              "context": null,
              "code": "cy.assertProductPrice('https://pubninja.academy/product/1850');",
              "err": {},
              "uuid": "38533dc7-133b-4a83-a281-875e22c05793",
              "parentUUID": "684fbf4d-c4d6-4b3c-8ef8-12e313411190",
              "isHook": false,
              "skipped": false
            },
            {
              "title": "check https://pubninja.academy/product/1861",
              "fullTitle": "Check Class Pricing check https://pubninja.academy/product/1861",
              "timedOut": null,
              "duration": 24278,
              "state": "passed",
              "speed": "slow",
              "pass": true,
              "fail": false,
              "pending": false,
              "context": null,
              "code": "cy.assertProductPrice('https://pubninja.academy/product/1861');",
              "err": {},
              "uuid": "f8e4c533-a0fc-4369-bf26-bafa5790e5db",
              "parentUUID": "684fbf4d-c4d6-4b3c-8ef8-12e313411190",
              "isHook": false,
              "skipped": false
            },
            {
              "title": "check https://pubninja.academy/product/1878",
              "fullTitle": "Check Class Pricing check https://pubninja.academy/product/1878",
              "timedOut": null,
              "duration": 24530,
              "state": "passed",
              "speed": "slow",
              "pass": true,
              "fail": false,
              "pending": false,
              "context": null,
              "code": "cy.assertProductPrice('https://pubninja.academy/product/1878');",
              "err": {},
              "uuid": "49aa9055-67fd-43d6-8bf7-b0e84875c46a",
              "parentUUID": "684fbf4d-c4d6-4b3c-8ef8-12e313411190",
              "isHook": false,
              "skipped": false
            },
            {
              "title": "check https://pubninja.academy/product/1882",
              "fullTitle": "Check Class Pricing check https://pubninja.academy/product/1882",
              "timedOut": null,
              "duration": 20885,
              "state": "passed",
              "speed": "slow",
              "pass": true,
              "fail": false,
              "pending": false,
              "context": null,
              "code": "cy.assertProductPrice('https://pubninja.academy/product/1882');",
              "err": {},
              "uuid": "b5dee62a-a2f6-4ea3-805e-1d9563be02a2",
              "parentUUID": "684fbf4d-c4d6-4b3c-8ef8-12e313411190",
              "isHook": false,
              "skipped": false
            },
            {
              "title": "check https://pubninja.academy/product/1883",
              "fullTitle": "Check Class Pricing check https://pubninja.academy/product/1883",
              "timedOut": null,
              "duration": 19162,
              "state": "passed",
              "speed": "slow",
              "pass": true,
              "fail": false,
              "pending": false,
              "context": null,
              "code": "cy.assertProductPrice('https://pubninja.academy/product/1883');",
              "err": {},
              "uuid": "d7d3ac8e-043f-4c79-86b7-ae6d7284ad69",
              "parentUUID": "684fbf4d-c4d6-4b3c-8ef8-12e313411190",
              "isHook": false,
              "skipped": false
            },
            {
              "title": "check https://pubninja.academy/product/1885",
              "fullTitle": "Check Class Pricing check https://pubninja.academy/product/1885",
              "timedOut": null,
              "duration": 17629,
              "state": "passed",
              "speed": "slow",
              "pass": true,
              "fail": false,
              "pending": false,
              "context": null,
              "code": "cy.assertProductPrice('https://pubninja.academy/product/1885');",
              "err": {},
              "uuid": "d52d08fc-401b-4418-9f0c-f5cc626cd2cf",
              "parentUUID": "684fbf4d-c4d6-4b3c-8ef8-12e313411190",
              "isHook": false,
              "skipped": false
            },
            {
              "title": "check https://pubninja.academy/product/1889",
              "fullTitle": "Check Class Pricing check https://pubninja.academy/product/1889",
              "timedOut": null,
              "duration": 3920,
              "state": "passed",
              "speed": "slow",
              "pass": true,
              "fail": false,
              "pending": false,
              "context": null,
              "code": "cy.assertProductPrice('https://pubninja.academy/product/1889');",
              "err": {},
              "uuid": "0c5ff09a-15e1-4e61-8ac9-f811108aae00",
              "parentUUID": "684fbf4d-c4d6-4b3c-8ef8-12e313411190",
              "isHook": false,
              "skipped": false
            },
            {
              "title": "check https://pubninja.academy/product/1892",
              "fullTitle": "Check Class Pricing check https://pubninja.academy/product/1892",
              "timedOut": null,
              "duration": 8061,
              "state": "passed",
              "speed": "slow",
              "pass": true,
              "fail": false,
              "pending": false,
              "context": null,
              "code": "cy.assertProductPrice('https://pubninja.academy/product/1892');",
              "err": {},
              "uuid": "629b56f8-596d-463e-bc2a-cee6e6078f74",
              "parentUUID": "684fbf4d-c4d6-4b3c-8ef8-12e313411190",
              "isHook": false,
              "skipped": false
            },
            {
              "title": "check https://pubninja.academy/product/1893",
              "fullTitle": "Check Class Pricing check https://pubninja.academy/product/1893",
              "timedOut": null,
              "duration": 25643,
              "state": "passed",
              "speed": "slow",
              "pass": true,
              "fail": false,
              "pending": false,
              "context": null,
              "code": "cy.assertProductPrice('https://pubninja.academy/product/1893');",
              "err": {},
              "uuid": "3001d7c1-dd57-4ee1-af67-737c8e04a130",
              "parentUUID": "684fbf4d-c4d6-4b3c-8ef8-12e313411190",
              "isHook": false,
              "skipped": false
            },
            {
              "title": "check https://pubninja.academy/product/1897",
              "fullTitle": "Check Class Pricing check https://pubninja.academy/product/1897",
              "timedOut": null,
              "duration": 18023,
              "state": "passed",
              "speed": "slow",
              "pass": true,
              "fail": false,
              "pending": false,
              "context": null,
              "code": "cy.assertProductPrice('https://pubninja.academy/product/1897');",
              "err": {},
              "uuid": "e16c5925-eeaf-449d-b58d-9a09ff25f851",
              "parentUUID": "684fbf4d-c4d6-4b3c-8ef8-12e313411190",
              "isHook": false,
              "skipped": false
            },
            {
              "title": "check https://pubninja.academy/product/1898",
              "fullTitle": "Check Class Pricing check https://pubninja.academy/product/1898",
              "timedOut": null,
              "duration": 18384,
              "state": "passed",
              "speed": "slow",
              "pass": true,
              "fail": false,
              "pending": false,
              "context": null,
              "code": "cy.assertProductPrice('https://pubninja.academy/product/1898');",
              "err": {},
              "uuid": "141b5a40-e710-414c-a54a-71581755ffeb",
              "parentUUID": "684fbf4d-c4d6-4b3c-8ef8-12e313411190",
              "isHook": false,
              "skipped": false
            },
            {
              "title": "check https://pubninja.academy/product/1899",
              "fullTitle": "Check Class Pricing check https://pubninja.academy/product/1899",
              "timedOut": null,
              "duration": 17666,
              "state": "passed",
              "speed": "slow",
              "pass": true,
              "fail": false,
              "pending": false,
              "context": null,
              "code": "cy.assertProductPrice('https://pubninja.academy/product/1899');",
              "err": {},
              "uuid": "33a319c3-5a4b-4dc0-8e0c-2278660ac97f",
              "parentUUID": "684fbf4d-c4d6-4b3c-8ef8-12e313411190",
              "isHook": false,
              "skipped": false
            },
            {
              "title": "check https://pubninja.academy/product/1900",
              "fullTitle": "Check Class Pricing check https://pubninja.academy/product/1900",
              "timedOut": null,
              "duration": 19160,
              "state": "passed",
              "speed": "slow",
              "pass": true,
              "fail": false,
              "pending": false,
              "context": null,
              "code": "cy.assertProductPrice('https://pubninja.academy/product/1900');",
              "err": {},
              "uuid": "a0ce07bd-4b60-4239-b45a-48f2f984c6be",
              "parentUUID": "684fbf4d-c4d6-4b3c-8ef8-12e313411190",
              "isHook": false,
              "skipped": false
            },
            {
              "title": "check https://pubninja.academy/product/1901",
              "fullTitle": "Check Class Pricing check https://pubninja.academy/product/1901",
              "timedOut": null,
              "duration": 21427,
              "state": "passed",
              "speed": "slow",
              "pass": true,
              "fail": false,
              "pending": false,
              "context": null,
              "code": "cy.assertProductPrice('https://pubninja.academy/product/1901');",
              "err": {},
              "uuid": "9e0c8f8d-aa68-410a-adab-421593325a38",
              "parentUUID": "684fbf4d-c4d6-4b3c-8ef8-12e313411190",
              "isHook": false,
              "skipped": false
            },
            {
              "title": "check https://pubninja.academy/product/1905",
              "fullTitle": "Check Class Pricing check https://pubninja.academy/product/1905",
              "timedOut": null,
              "duration": 18161,
              "state": "passed",
              "speed": "slow",
              "pass": true,
              "fail": false,
              "pending": false,
              "context": null,
              "code": "cy.assertProductPrice('https://pubninja.academy/product/1905');",
              "err": {},
              "uuid": "c063ad0e-3b84-40c6-bfa0-68da6eca11fc",
              "parentUUID": "684fbf4d-c4d6-4b3c-8ef8-12e313411190",
              "isHook": false,
              "skipped": false
            },
            {
              "title": "check https://pubninja.academy/product/1907",
              "fullTitle": "Check Class Pricing check https://pubninja.academy/product/1907",
              "timedOut": null,
              "duration": 4216,
              "state": "passed",
              "speed": "slow",
              "pass": true,
              "fail": false,
              "pending": false,
              "context": null,
              "code": "cy.assertProductPrice('https://pubninja.academy/product/1907');",
              "err": {},
              "uuid": "19af7b28-d1a0-4e68-ac69-e87b75cda01e",
              "parentUUID": "684fbf4d-c4d6-4b3c-8ef8-12e313411190",
              "isHook": false,
              "skipped": false
            },
            {
              "title": "check https://pubninja.academy/product/1912",
              "fullTitle": "Check Class Pricing check https://pubninja.academy/product/1912",
              "timedOut": null,
              "duration": 23030,
              "state": "passed",
              "speed": "slow",
              "pass": true,
              "fail": false,
              "pending": false,
              "context": null,
              "code": "cy.assertProductPrice('https://pubninja.academy/product/1912');",
              "err": {},
              "uuid": "5fd57dd3-7a54-4610-8cec-77f4e6fef97c",
              "parentUUID": "684fbf4d-c4d6-4b3c-8ef8-12e313411190",
              "isHook": false,
              "skipped": false
            },
            {
              "title": "check https://pubninja.academy/product/1913",
              "fullTitle": "Check Class Pricing check https://pubninja.academy/product/1913",
              "timedOut": null,
              "duration": 17874,
              "state": "passed",
              "speed": "slow",
              "pass": true,
              "fail": false,
              "pending": false,
              "context": null,
              "code": "cy.assertProductPrice('https://pubninja.academy/product/1913');",
              "err": {},
              "uuid": "004d4eb6-0d63-406a-aa74-88d9d9657daa",
              "parentUUID": "684fbf4d-c4d6-4b3c-8ef8-12e313411190",
              "isHook": false,
              "skipped": false
            },
            {
              "title": "check https://pubninja.academy/product/1917",
              "fullTitle": "Check Class Pricing check https://pubninja.academy/product/1917",
              "timedOut": null,
              "duration": 18131,
              "state": "passed",
              "speed": "slow",
              "pass": true,
              "fail": false,
              "pending": false,
              "context": null,
              "code": "cy.assertProductPrice('https://pubninja.academy/product/1917');",
              "err": {},
              "uuid": "5b4cca23-6701-49b3-8e7e-3942ce72e613",
              "parentUUID": "684fbf4d-c4d6-4b3c-8ef8-12e313411190",
              "isHook": false,
              "skipped": false
            },
            {
              "title": "check https://pubninja.academy/product/1918",
              "fullTitle": "Check Class Pricing check https://pubninja.academy/product/1918",
              "timedOut": null,
              "duration": 17478,
              "state": "passed",
              "speed": "slow",
              "pass": true,
              "fail": false,
              "pending": false,
              "context": null,
              "code": "cy.assertProductPrice('https://pubninja.academy/product/1918');",
              "err": {},
              "uuid": "bd9a95c0-0504-4cdb-85fa-ef2f13dd0768",
              "parentUUID": "684fbf4d-c4d6-4b3c-8ef8-12e313411190",
              "isHook": false,
              "skipped": false
            },
            {
              "title": "check https://pubninja.academy/product/1922",
              "fullTitle": "Check Class Pricing check https://pubninja.academy/product/1922",
              "timedOut": null,
              "duration": 17333,
              "state": "passed",
              "speed": "slow",
              "pass": true,
              "fail": false,
              "pending": false,
              "context": null,
              "code": "cy.assertProductPrice('https://pubninja.academy/product/1922');",
              "err": {},
              "uuid": "b168927c-13ac-4438-9b12-34af94394d25",
              "parentUUID": "684fbf4d-c4d6-4b3c-8ef8-12e313411190",
              "isHook": false,
              "skipped": false
            },
            {
              "title": "check https://pubninja.academy/product/1923",
              "fullTitle": "Check Class Pricing check https://pubninja.academy/product/1923",
              "timedOut": null,
              "duration": 18063,
              "state": "passed",
              "speed": "slow",
              "pass": true,
              "fail": false,
              "pending": false,
              "context": null,
              "code": "cy.assertProductPrice('https://pubninja.academy/product/1923');",
              "err": {},
              "uuid": "de130ec0-6a62-4e0c-88c2-0b14aacd1c73",
              "parentUUID": "684fbf4d-c4d6-4b3c-8ef8-12e313411190",
              "isHook": false,
              "skipped": false
            },
            {
              "title": "check https://pubninja.academy/product/1924",
              "fullTitle": "Check Class Pricing check https://pubninja.academy/product/1924",
              "timedOut": null,
              "duration": 17341,
              "state": "passed",
              "speed": "slow",
              "pass": true,
              "fail": false,
              "pending": false,
              "context": null,
              "code": "cy.assertProductPrice('https://pubninja.academy/product/1924');",
              "err": {},
              "uuid": "ae572065-fae9-4859-b7df-e3bf75663b95",
              "parentUUID": "684fbf4d-c4d6-4b3c-8ef8-12e313411190",
              "isHook": false,
              "skipped": false
            },
            {
              "title": "check https://pubninja.academy/product/1927",
              "fullTitle": "Check Class Pricing check https://pubninja.academy/product/1927",
              "timedOut": null,
              "duration": 18256,
              "state": "passed",
              "speed": "slow",
              "pass": true,
              "fail": false,
              "pending": false,
              "context": null,
              "code": "cy.assertProductPrice('https://pubninja.academy/product/1927');",
              "err": {},
              "uuid": "15b00c8b-62e7-435e-abd1-e37ec6bfcab5",
              "parentUUID": "684fbf4d-c4d6-4b3c-8ef8-12e313411190",
              "isHook": false,
              "skipped": false
            },
            {
              "title": "check https://pubninja.academy/product/1928",
              "fullTitle": "Check Class Pricing check https://pubninja.academy/product/1928",
              "timedOut": null,
              "duration": 18308,
              "state": "passed",
              "speed": "slow",
              "pass": true,
              "fail": false,
              "pending": false,
              "context": null,
              "code": "cy.assertProductPrice('https://pubninja.academy/product/1928');",
              "err": {},
              "uuid": "a63a5c11-6494-4538-8784-d9908177828d",
              "parentUUID": "684fbf4d-c4d6-4b3c-8ef8-12e313411190",
              "isHook": false,
              "skipped": false
            },
            {
              "title": "check https://pubninja.academy/product/1930",
              "fullTitle": "Check Class Pricing check https://pubninja.academy/product/1930",
              "timedOut": null,
              "duration": 17586,
              "state": "passed",
              "speed": "slow",
              "pass": true,
              "fail": false,
              "pending": false,
              "context": null,
              "code": "cy.assertProductPrice('https://pubninja.academy/product/1930');",
              "err": {},
              "uuid": "c0452457-fc07-4f41-be8c-c2d4d1908ad1",
              "parentUUID": "684fbf4d-c4d6-4b3c-8ef8-12e313411190",
              "isHook": false,
              "skipped": false
            },
            {
              "title": "check https://pubninja.academy/product/1932",
              "fullTitle": "Check Class Pricing check https://pubninja.academy/product/1932",
              "timedOut": null,
              "duration": 17802,
              "state": "passed",
              "speed": "slow",
              "pass": true,
              "fail": false,
              "pending": false,
              "context": null,
              "code": "cy.assertProductPrice('https://pubninja.academy/product/1932');",
              "err": {},
              "uuid": "0048b57f-10a1-4e2a-bca6-d61563a5a02c",
              "parentUUID": "684fbf4d-c4d6-4b3c-8ef8-12e313411190",
              "isHook": false,
              "skipped": false
            },
            {
              "title": "check https://pubninja.academy/product/1935",
              "fullTitle": "Check Class Pricing check https://pubninja.academy/product/1935",
              "timedOut": null,
              "duration": 17927,
              "state": "passed",
              "speed": "slow",
              "pass": true,
              "fail": false,
              "pending": false,
              "context": null,
              "code": "cy.assertProductPrice('https://pubninja.academy/product/1935');",
              "err": {},
              "uuid": "895b8df3-8776-4cef-8a42-bd836a28a5ee",
              "parentUUID": "684fbf4d-c4d6-4b3c-8ef8-12e313411190",
              "isHook": false,
              "skipped": false
            },
            {
              "title": "check https://pubninja.academy/product/1940",
              "fullTitle": "Check Class Pricing check https://pubninja.academy/product/1940",
              "timedOut": null,
              "duration": 19399,
              "state": "passed",
              "speed": "slow",
              "pass": true,
              "fail": false,
              "pending": false,
              "context": null,
              "code": "cy.assertProductPrice('https://pubninja.academy/product/1940');",
              "err": {},
              "uuid": "f783f195-ecba-447d-9329-69d418e1f525",
              "parentUUID": "684fbf4d-c4d6-4b3c-8ef8-12e313411190",
              "isHook": false,
              "skipped": false
            },
            {
              "title": "check https://pubninja.academy/product/1942",
              "fullTitle": "Check Class Pricing check https://pubninja.academy/product/1942",
              "timedOut": null,
              "duration": 19636,
              "state": "passed",
              "speed": "slow",
              "pass": true,
              "fail": false,
              "pending": false,
              "context": null,
              "code": "cy.assertProductPrice('https://pubninja.academy/product/1942');",
              "err": {},
              "uuid": "7764077b-92ee-4056-9a33-60146e402825",
              "parentUUID": "684fbf4d-c4d6-4b3c-8ef8-12e313411190",
              "isHook": false,
              "skipped": false
            },
            {
              "title": "check https://pubninja.academy/product/1943",
              "fullTitle": "Check Class Pricing check https://pubninja.academy/product/1943",
              "timedOut": null,
              "duration": 18304,
              "state": "passed",
              "speed": "slow",
              "pass": true,
              "fail": false,
              "pending": false,
              "context": null,
              "code": "cy.assertProductPrice('https://pubninja.academy/product/1943');",
              "err": {},
              "uuid": "96b17b84-e978-42cd-8c93-dd943afe5fb5",
              "parentUUID": "684fbf4d-c4d6-4b3c-8ef8-12e313411190",
              "isHook": false,
              "skipped": false
            },
            {
              "title": "check https://pubninja.academy/product/1944",
              "fullTitle": "Check Class Pricing check https://pubninja.academy/product/1944",
              "timedOut": null,
              "duration": 18761,
              "state": "passed",
              "speed": "slow",
              "pass": true,
              "fail": false,
              "pending": false,
              "context": null,
              "code": "cy.assertProductPrice('https://pubninja.academy/product/1944');",
              "err": {},
              "uuid": "cf7a6e68-f327-48a9-bb6f-1d85aeb15168",
              "parentUUID": "684fbf4d-c4d6-4b3c-8ef8-12e313411190",
              "isHook": false,
              "skipped": false
            },
            {
              "title": "check https://pubninja.academy/product/1947",
              "fullTitle": "Check Class Pricing check https://pubninja.academy/product/1947",
              "timedOut": null,
              "duration": 19199,
              "state": "passed",
              "speed": "slow",
              "pass": true,
              "fail": false,
              "pending": false,
              "context": null,
              "code": "cy.assertProductPrice('https://pubninja.academy/product/1947');",
              "err": {},
              "uuid": "3437db21-8581-4421-97dd-3a86f2bae7fa",
              "parentUUID": "684fbf4d-c4d6-4b3c-8ef8-12e313411190",
              "isHook": false,
              "skipped": false
            },
            {
              "title": "check https://pubninja.academy/product/1949",
              "fullTitle": "Check Class Pricing check https://pubninja.academy/product/1949",
              "timedOut": null,
              "duration": 18444,
              "state": "passed",
              "speed": "slow",
              "pass": true,
              "fail": false,
              "pending": false,
              "context": null,
              "code": "cy.assertProductPrice('https://pubninja.academy/product/1949');",
              "err": {},
              "uuid": "0966bc8e-e20c-4bd6-b828-7fc186feacbb",
              "parentUUID": "684fbf4d-c4d6-4b3c-8ef8-12e313411190",
              "isHook": false,
              "skipped": false
            },
            {
              "title": "check https://pubninja.academy/product/1950",
              "fullTitle": "Check Class Pricing check https://pubninja.academy/product/1950",
              "timedOut": null,
              "duration": 24484,
              "state": "passed",
              "speed": "slow",
              "pass": true,
              "fail": false,
              "pending": false,
              "context": null,
              "code": "cy.assertProductPrice('https://pubninja.academy/product/1950');",
              "err": {},
              "uuid": "6fac9bf9-340d-4f0b-b1d8-b52e5b3dfe45",
              "parentUUID": "684fbf4d-c4d6-4b3c-8ef8-12e313411190",
              "isHook": false,
              "skipped": false
            },
            {
              "title": "check https://pubninja.academy/product/1951",
              "fullTitle": "Check Class Pricing check https://pubninja.academy/product/1951",
              "timedOut": null,
              "duration": 18574,
              "state": "passed",
              "speed": "slow",
              "pass": true,
              "fail": false,
              "pending": false,
              "context": null,
              "code": "cy.assertProductPrice('https://pubninja.academy/product/1951');",
              "err": {},
              "uuid": "060524ad-c543-4d9c-b9dd-304778454ee0",
              "parentUUID": "684fbf4d-c4d6-4b3c-8ef8-12e313411190",
              "isHook": false,
              "skipped": false
            },
            {
              "title": "check https://pubninja.academy/product/1956",
              "fullTitle": "Check Class Pricing check https://pubninja.academy/product/1956",
              "timedOut": null,
              "duration": 17024,
              "state": "passed",
              "speed": "slow",
              "pass": true,
              "fail": false,
              "pending": false,
              "context": null,
              "code": "cy.assertProductPrice('https://pubninja.academy/product/1956');",
              "err": {},
              "uuid": "056586a8-5a04-417e-ac55-3973431ba900",
              "parentUUID": "684fbf4d-c4d6-4b3c-8ef8-12e313411190",
              "isHook": false,
              "skipped": false
            },
            {
              "title": "check https://pubninja.academy/product/2000",
              "fullTitle": "Check Class Pricing check https://pubninja.academy/product/2000",
              "timedOut": null,
              "duration": 17260,
              "state": "passed",
              "speed": "slow",
              "pass": true,
              "fail": false,
              "pending": false,
              "context": null,
              "code": "cy.assertProductPrice('https://pubninja.academy/product/2000');",
              "err": {},
              "uuid": "9fa4ed15-3de0-44ad-b3b1-2595ef0fd9fc",
              "parentUUID": "684fbf4d-c4d6-4b3c-8ef8-12e313411190",
              "isHook": false,
              "skipped": false
            },
            {
              "title": "check https://pubninja.academy/product/2001",
              "fullTitle": "Check Class Pricing check https://pubninja.academy/product/2001",
              "timedOut": null,
              "duration": 17387,
              "state": "passed",
              "speed": "slow",
              "pass": true,
              "fail": false,
              "pending": false,
              "context": null,
              "code": "cy.assertProductPrice('https://pubninja.academy/product/2001');",
              "err": {},
              "uuid": "841c6ef4-37a5-422c-ae0e-d7a7ea946aeb",
              "parentUUID": "684fbf4d-c4d6-4b3c-8ef8-12e313411190",
              "isHook": false,
              "skipped": false
            },
            {
              "title": "check https://pubninja.academy/product/2002",
              "fullTitle": "Check Class Pricing check https://pubninja.academy/product/2002",
              "timedOut": null,
              "duration": 17712,
              "state": "passed",
              "speed": "slow",
              "pass": true,
              "fail": false,
              "pending": false,
              "context": null,
              "code": "cy.assertProductPrice('https://pubninja.academy/product/2002');",
              "err": {},
              "uuid": "7298e320-aebd-4737-b842-4090ba554c02",
              "parentUUID": "684fbf4d-c4d6-4b3c-8ef8-12e313411190",
              "isHook": false,
              "skipped": false
            },
            {
              "title": "check https://pubninja.academy/product/2003",
              "fullTitle": "Check Class Pricing check https://pubninja.academy/product/2003",
              "timedOut": null,
              "duration": 18059,
              "state": "passed",
              "speed": "slow",
              "pass": true,
              "fail": false,
              "pending": false,
              "context": null,
              "code": "cy.assertProductPrice('https://pubninja.academy/product/2003');",
              "err": {},
              "uuid": "2ab52bee-8025-478f-a1a2-fafb831d91c9",
              "parentUUID": "684fbf4d-c4d6-4b3c-8ef8-12e313411190",
              "isHook": false,
              "skipped": false
            },
            {
              "title": "check https://pubninja.academy/product/2005",
              "fullTitle": "Check Class Pricing check https://pubninja.academy/product/2005",
              "timedOut": null,
              "duration": 20075,
              "state": "passed",
              "speed": "slow",
              "pass": true,
              "fail": false,
              "pending": false,
              "context": null,
              "code": "cy.assertProductPrice('https://pubninja.academy/product/2005');",
              "err": {},
              "uuid": "f2c5e355-17e9-48b9-8ec2-1d06f444f8c9",
              "parentUUID": "684fbf4d-c4d6-4b3c-8ef8-12e313411190",
              "isHook": false,
              "skipped": false
            },
            {
              "title": "check https://pubninja.academy/product/2007",
              "fullTitle": "Check Class Pricing check https://pubninja.academy/product/2007",
              "timedOut": null,
              "duration": 16350,
              "state": "passed",
              "speed": "slow",
              "pass": true,
              "fail": false,
              "pending": false,
              "context": null,
              "code": "cy.assertProductPrice('https://pubninja.academy/product/2007');",
              "err": {},
              "uuid": "1bf9c3f9-ca64-420e-911e-f4282c65e04f",
              "parentUUID": "684fbf4d-c4d6-4b3c-8ef8-12e313411190",
              "isHook": false,
              "skipped": false
            },
            {
              "title": "check https://pubninja.academy/product/2008",
              "fullTitle": "Check Class Pricing check https://pubninja.academy/product/2008",
              "timedOut": null,
              "duration": 17136,
              "state": "passed",
              "speed": "slow",
              "pass": true,
              "fail": false,
              "pending": false,
              "context": null,
              "code": "cy.assertProductPrice('https://pubninja.academy/product/2008');",
              "err": {},
              "uuid": "ef61d111-dfc4-48ee-9417-6b344117910a",
              "parentUUID": "684fbf4d-c4d6-4b3c-8ef8-12e313411190",
              "isHook": false,
              "skipped": false
            },
            {
              "title": "check https://pubninja.academy/product/2012",
              "fullTitle": "Check Class Pricing check https://pubninja.academy/product/2012",
              "timedOut": null,
              "duration": 16565,
              "state": "passed",
              "speed": "slow",
              "pass": true,
              "fail": false,
              "pending": false,
              "context": null,
              "code": "cy.assertProductPrice('https://pubninja.academy/product/2012');",
              "err": {},
              "uuid": "40425995-c735-47e6-887f-ac2b55d2475e",
              "parentUUID": "684fbf4d-c4d6-4b3c-8ef8-12e313411190",
              "isHook": false,
              "skipped": false
            },
            {
              "title": "check https://pubninja.academy/product/2014",
              "fullTitle": "Check Class Pricing check https://pubninja.academy/product/2014",
              "timedOut": null,
              "duration": 15926,
              "state": "passed",
              "speed": "slow",
              "pass": true,
              "fail": false,
              "pending": false,
              "context": null,
              "code": "cy.assertProductPrice('https://pubninja.academy/product/2014');",
              "err": {},
              "uuid": "7408626e-dbb8-4e8c-bb0b-58e55ded3111",
              "parentUUID": "684fbf4d-c4d6-4b3c-8ef8-12e313411190",
              "isHook": false,
              "skipped": false
            },
            {
              "title": "check https://pubninja.academy/product/2015",
              "fullTitle": "Check Class Pricing check https://pubninja.academy/product/2015",
              "timedOut": null,
              "duration": 17242,
              "state": "passed",
              "speed": "slow",
              "pass": true,
              "fail": false,
              "pending": false,
              "context": null,
              "code": "cy.assertProductPrice('https://pubninja.academy/product/2015');",
              "err": {},
              "uuid": "3e6cb6cc-36eb-4f6f-9ea6-d8163659c6ff",
              "parentUUID": "684fbf4d-c4d6-4b3c-8ef8-12e313411190",
              "isHook": false,
              "skipped": false
            },
            {
              "title": "check https://pubninja.academy/product/2018",
              "fullTitle": "Check Class Pricing check https://pubninja.academy/product/2018",
              "timedOut": null,
              "duration": 18019,
              "state": "passed",
              "speed": "slow",
              "pass": true,
              "fail": false,
              "pending": false,
              "context": null,
              "code": "cy.assertProductPrice('https://pubninja.academy/product/2018');",
              "err": {},
              "uuid": "95dd7a09-2baa-4a97-824f-a8e43f36f5fe",
              "parentUUID": "684fbf4d-c4d6-4b3c-8ef8-12e313411190",
              "isHook": false,
              "skipped": false
            },
            {
              "title": "check https://pubninja.academy/product/2019",
              "fullTitle": "Check Class Pricing check https://pubninja.academy/product/2019",
              "timedOut": null,
              "duration": 17367,
              "state": "passed",
              "speed": "slow",
              "pass": true,
              "fail": false,
              "pending": false,
              "context": null,
              "code": "cy.assertProductPrice('https://pubninja.academy/product/2019');",
              "err": {},
              "uuid": "0b1e76d6-f060-4b6e-8e88-99e1eae3954b",
              "parentUUID": "684fbf4d-c4d6-4b3c-8ef8-12e313411190",
              "isHook": false,
              "skipped": false
            },
            {
              "title": "check https://pubninja.academy/product/2020",
              "fullTitle": "Check Class Pricing check https://pubninja.academy/product/2020",
              "timedOut": null,
              "duration": 17548,
              "state": "passed",
              "speed": "slow",
              "pass": true,
              "fail": false,
              "pending": false,
              "context": null,
              "code": "cy.assertProductPrice('https://pubninja.academy/product/2020');",
              "err": {},
              "uuid": "2ab3745d-d644-4a02-bff2-5be03a411481",
              "parentUUID": "684fbf4d-c4d6-4b3c-8ef8-12e313411190",
              "isHook": false,
              "skipped": false
            },
            {
              "title": "check https://pubninja.academy/product/2021",
              "fullTitle": "Check Class Pricing check https://pubninja.academy/product/2021",
              "timedOut": null,
              "duration": 16557,
              "state": "passed",
              "speed": "slow",
              "pass": true,
              "fail": false,
              "pending": false,
              "context": null,
              "code": "cy.assertProductPrice('https://pubninja.academy/product/2021');",
              "err": {},
              "uuid": "af9af412-dca4-4540-897c-34f945248040",
              "parentUUID": "684fbf4d-c4d6-4b3c-8ef8-12e313411190",
              "isHook": false,
              "skipped": false
            },
            {
              "title": "check https://pubninja.academy/product/2022",
              "fullTitle": "Check Class Pricing check https://pubninja.academy/product/2022",
              "timedOut": null,
              "duration": 18293,
              "state": "passed",
              "speed": "slow",
              "pass": true,
              "fail": false,
              "pending": false,
              "context": null,
              "code": "cy.assertProductPrice('https://pubninja.academy/product/2022');",
              "err": {},
              "uuid": "1309f665-129c-4f0a-9b8e-f31b7561c576",
              "parentUUID": "684fbf4d-c4d6-4b3c-8ef8-12e313411190",
              "isHook": false,
              "skipped": false
            },
            {
              "title": "check https://pubninja.academy/product/2025",
              "fullTitle": "Check Class Pricing check https://pubninja.academy/product/2025",
              "timedOut": null,
              "duration": 3471,
              "state": "passed",
              "speed": "slow",
              "pass": true,
              "fail": false,
              "pending": false,
              "context": null,
              "code": "cy.assertProductPrice('https://pubninja.academy/product/2025');",
              "err": {},
              "uuid": "62b8f7bc-079d-4afe-8254-723b375a5b15",
              "parentUUID": "684fbf4d-c4d6-4b3c-8ef8-12e313411190",
              "isHook": false,
              "skipped": false
            },
            {
              "title": "check https://pubninja.academy/product/2026",
              "fullTitle": "Check Class Pricing check https://pubninja.academy/product/2026",
              "timedOut": null,
              "duration": 19335,
              "state": "passed",
              "speed": "slow",
              "pass": true,
              "fail": false,
              "pending": false,
              "context": null,
              "code": "cy.assertProductPrice('https://pubninja.academy/product/2026');",
              "err": {},
              "uuid": "02f39e25-c19e-4b8e-a8ce-c8afa5c39801",
              "parentUUID": "684fbf4d-c4d6-4b3c-8ef8-12e313411190",
              "isHook": false,
              "skipped": false
            },
            {
              "title": "check https://pubninja.academy/product/2028",
              "fullTitle": "Check Class Pricing check https://pubninja.academy/product/2028",
              "timedOut": null,
              "duration": 17065,
              "state": "passed",
              "speed": "slow",
              "pass": true,
              "fail": false,
              "pending": false,
              "context": null,
              "code": "cy.assertProductPrice('https://pubninja.academy/product/2028');",
              "err": {},
              "uuid": "e30569e9-ba5f-42dd-bc74-3b4679d35073",
              "parentUUID": "684fbf4d-c4d6-4b3c-8ef8-12e313411190",
              "isHook": false,
              "skipped": false
            },
            {
              "title": "check https://pubninja.academy/product/2030",
              "fullTitle": "Check Class Pricing check https://pubninja.academy/product/2030",
              "timedOut": null,
              "duration": 19242,
              "state": "passed",
              "speed": "slow",
              "pass": true,
              "fail": false,
              "pending": false,
              "context": null,
              "code": "cy.assertProductPrice('https://pubninja.academy/product/2030');",
              "err": {},
              "uuid": "5dfb0ee0-d3b5-4bd2-864a-88afc68d2ef5",
              "parentUUID": "684fbf4d-c4d6-4b3c-8ef8-12e313411190",
              "isHook": false,
              "skipped": false
            },
            {
              "title": "check https://pubninja.academy/product/2032",
              "fullTitle": "Check Class Pricing check https://pubninja.academy/product/2032",
              "timedOut": null,
              "duration": 17654,
              "state": "passed",
              "speed": "slow",
              "pass": true,
              "fail": false,
              "pending": false,
              "context": null,
              "code": "cy.assertProductPrice('https://pubninja.academy/product/2032');",
              "err": {},
              "uuid": "e5051603-0045-4aef-b229-759a371848c5",
              "parentUUID": "684fbf4d-c4d6-4b3c-8ef8-12e313411190",
              "isHook": false,
              "skipped": false
            },
            {
              "title": "check https://pubninja.academy/product/2033",
              "fullTitle": "Check Class Pricing check https://pubninja.academy/product/2033",
              "timedOut": null,
              "duration": 14812,
              "state": "failed",
              "speed": null,
              "pass": false,
              "fail": true,
              "pending": false,
              "context": null,
              "code": "cy.assertProductPrice('https://pubninja.academy/product/2033');",
              "err": {
                "message": "AssertionError: Timed out retrying after 4000ms: Expected to find content: 'Pay Now' but never did.",
                "estack": "AssertionError: Timed out retrying after 4000ms: Expected to find content: 'Pay Now' but never did.\n    at Context.eval (https://pubninja.academy/__cypress/tests?p=cypress/support/index.js:137:12)",
                "diff": null
              },
              "uuid": "2a666120-4f34-4e93-a2a3-d182415023a4",
              "parentUUID": "684fbf4d-c4d6-4b3c-8ef8-12e313411190",
              "isHook": false,
              "skipped": false
            },
            {
              "title": "check https://pubninja.academy/product/2036",
              "fullTitle": "Check Class Pricing check https://pubninja.academy/product/2036",
              "timedOut": null,
              "duration": 18048,
              "state": "passed",
              "speed": "slow",
              "pass": true,
              "fail": false,
              "pending": false,
              "context": null,
              "code": "cy.assertProductPrice('https://pubninja.academy/product/2036');",
              "err": {},
              "uuid": "aa58d38e-7be5-4b22-85b5-9ec2c643844b",
              "parentUUID": "684fbf4d-c4d6-4b3c-8ef8-12e313411190",
              "isHook": false,
              "skipped": false
            },
            {
              "title": "check https://pubninja.academy/product/2038",
              "fullTitle": "Check Class Pricing check https://pubninja.academy/product/2038",
              "timedOut": null,
              "duration": 3971,
              "state": "passed",
              "speed": "slow",
              "pass": true,
              "fail": false,
              "pending": false,
              "context": null,
              "code": "cy.assertProductPrice('https://pubninja.academy/product/2038');",
              "err": {},
              "uuid": "8273e9e1-1db0-490e-8d63-ca9f0c103960",
              "parentUUID": "684fbf4d-c4d6-4b3c-8ef8-12e313411190",
              "isHook": false,
              "skipped": false
            },
            {
              "title": "check https://pubninja.academy/product/2042",
              "fullTitle": "Check Class Pricing check https://pubninja.academy/product/2042",
              "timedOut": null,
              "duration": 4686,
              "state": "passed",
              "speed": "slow",
              "pass": true,
              "fail": false,
              "pending": false,
              "context": null,
              "code": "cy.assertProductPrice('https://pubninja.academy/product/2042');",
              "err": {},
              "uuid": "0c2ecd6f-ac11-41de-9e1a-e2d1064980d6",
              "parentUUID": "684fbf4d-c4d6-4b3c-8ef8-12e313411190",
              "isHook": false,
              "skipped": false
            },
            {
              "title": "check https://pubninja.academy/product/2044",
              "fullTitle": "Check Class Pricing check https://pubninja.academy/product/2044",
              "timedOut": null,
              "duration": 23952,
              "state": "passed",
              "speed": "slow",
              "pass": true,
              "fail": false,
              "pending": false,
              "context": null,
              "code": "cy.assertProductPrice('https://pubninja.academy/product/2044');",
              "err": {},
              "uuid": "9ff2dde1-27eb-408f-a20f-8dcbf0301800",
              "parentUUID": "684fbf4d-c4d6-4b3c-8ef8-12e313411190",
              "isHook": false,
              "skipped": false
            },
            {
              "title": "check https://pubninja.academy/product/2045",
              "fullTitle": "Check Class Pricing check https://pubninja.academy/product/2045",
              "timedOut": null,
              "duration": 18710,
              "state": "passed",
              "speed": "slow",
              "pass": true,
              "fail": false,
              "pending": false,
              "context": null,
              "code": "cy.assertProductPrice('https://pubninja.academy/product/2045');",
              "err": {},
              "uuid": "ee1a4163-8d87-4457-b20f-d94e088b2bf2",
              "parentUUID": "684fbf4d-c4d6-4b3c-8ef8-12e313411190",
              "isHook": false,
              "skipped": false
            },
            {
              "title": "check https://pubninja.academy/product/2046",
              "fullTitle": "Check Class Pricing check https://pubninja.academy/product/2046",
              "timedOut": null,
              "duration": 19306,
              "state": "passed",
              "speed": "slow",
              "pass": true,
              "fail": false,
              "pending": false,
              "context": null,
              "code": "cy.assertProductPrice('https://pubninja.academy/product/2046');",
              "err": {},
              "uuid": "2eeacc1f-04a5-41c9-917f-402ae6de9c4e",
              "parentUUID": "684fbf4d-c4d6-4b3c-8ef8-12e313411190",
              "isHook": false,
              "skipped": false
            },
            {
              "title": "check https://pubninja.academy/product/2047",
              "fullTitle": "Check Class Pricing check https://pubninja.academy/product/2047",
              "timedOut": null,
              "duration": 20640,
              "state": "passed",
              "speed": "slow",
              "pass": true,
              "fail": false,
              "pending": false,
              "context": null,
              "code": "cy.assertProductPrice('https://pubninja.academy/product/2047');",
              "err": {},
              "uuid": "24f125c4-c425-4fb3-86c2-37e9952dab26",
              "parentUUID": "684fbf4d-c4d6-4b3c-8ef8-12e313411190",
              "isHook": false,
              "skipped": false
            },
            {
              "title": "check https://pubninja.academy/product/2048",
              "fullTitle": "Check Class Pricing check https://pubninja.academy/product/2048",
              "timedOut": null,
              "duration": 18674,
              "state": "passed",
              "speed": "slow",
              "pass": true,
              "fail": false,
              "pending": false,
              "context": null,
              "code": "cy.assertProductPrice('https://pubninja.academy/product/2048');",
              "err": {},
              "uuid": "ebab8999-9a6a-4e9a-925d-12c1b72dd57e",
              "parentUUID": "684fbf4d-c4d6-4b3c-8ef8-12e313411190",
              "isHook": false,
              "skipped": false
            },
            {
              "title": "check https://pubninja.academy/product/2049",
              "fullTitle": "Check Class Pricing check https://pubninja.academy/product/2049",
              "timedOut": null,
              "duration": 17242,
              "state": "passed",
              "speed": "slow",
              "pass": true,
              "fail": false,
              "pending": false,
              "context": null,
              "code": "cy.assertProductPrice('https://pubninja.academy/product/2049');",
              "err": {},
              "uuid": "4f011f63-c2a8-4c57-aee6-5dbd424e7b61",
              "parentUUID": "684fbf4d-c4d6-4b3c-8ef8-12e313411190",
              "isHook": false,
              "skipped": false
            },
            {
              "title": "check https://pubninja.academy/product/2051",
              "fullTitle": "Check Class Pricing check https://pubninja.academy/product/2051",
              "timedOut": null,
              "duration": 17894,
              "state": "passed",
              "speed": "slow",
              "pass": true,
              "fail": false,
              "pending": false,
              "context": null,
              "code": "cy.assertProductPrice('https://pubninja.academy/product/2051');",
              "err": {},
              "uuid": "d885b3e7-c88e-45fa-abcc-f8b0c60e5553",
              "parentUUID": "684fbf4d-c4d6-4b3c-8ef8-12e313411190",
              "isHook": false,
              "skipped": false
            },
            {
              "title": "check https://pubninja.academy/product/2052",
              "fullTitle": "Check Class Pricing check https://pubninja.academy/product/2052",
              "timedOut": null,
              "duration": 4097,
              "state": "passed",
              "speed": "slow",
              "pass": true,
              "fail": false,
              "pending": false,
              "context": null,
              "code": "cy.assertProductPrice('https://pubninja.academy/product/2052');",
              "err": {},
              "uuid": "a319ed76-9391-4412-980b-59da25adfdab",
              "parentUUID": "684fbf4d-c4d6-4b3c-8ef8-12e313411190",
              "isHook": false,
              "skipped": false
            },
            {
              "title": "check https://pubninja.academy/product/2053",
              "fullTitle": "Check Class Pricing check https://pubninja.academy/product/2053",
              "timedOut": null,
              "duration": 18479,
              "state": "passed",
              "speed": "slow",
              "pass": true,
              "fail": false,
              "pending": false,
              "context": null,
              "code": "cy.assertProductPrice('https://pubninja.academy/product/2053');",
              "err": {},
              "uuid": "ee1b7af2-5a67-4290-9b91-6d4d10641b18",
              "parentUUID": "684fbf4d-c4d6-4b3c-8ef8-12e313411190",
              "isHook": false,
              "skipped": false
            },
            {
              "title": "check https://pubninja.academy/product/2055",
              "fullTitle": "Check Class Pricing check https://pubninja.academy/product/2055",
              "timedOut": null,
              "duration": 18152,
              "state": "passed",
              "speed": "slow",
              "pass": true,
              "fail": false,
              "pending": false,
              "context": null,
              "code": "cy.assertProductPrice('https://pubninja.academy/product/2055');",
              "err": {},
              "uuid": "478968fb-9337-49a7-bd52-04fe1cb11c9f",
              "parentUUID": "684fbf4d-c4d6-4b3c-8ef8-12e313411190",
              "isHook": false,
              "skipped": false
            },
            {
              "title": "check https://pubninja.academy/product/2056",
              "fullTitle": "Check Class Pricing check https://pubninja.academy/product/2056",
              "timedOut": null,
              "duration": 18642,
              "state": "passed",
              "speed": "slow",
              "pass": true,
              "fail": false,
              "pending": false,
              "context": null,
              "code": "cy.assertProductPrice('https://pubninja.academy/product/2056');",
              "err": {},
              "uuid": "f11b42d1-02e3-4880-a747-6ba852c1a08a",
              "parentUUID": "684fbf4d-c4d6-4b3c-8ef8-12e313411190",
              "isHook": false,
              "skipped": false
            },
            {
              "title": "check https://pubninja.academy/product/2059",
              "fullTitle": "Check Class Pricing check https://pubninja.academy/product/2059",
              "timedOut": null,
              "duration": 18324,
              "state": "passed",
              "speed": "slow",
              "pass": true,
              "fail": false,
              "pending": false,
              "context": null,
              "code": "cy.assertProductPrice('https://pubninja.academy/product/2059');",
              "err": {},
              "uuid": "a6fb2ba1-7803-44f7-968a-f2e65d3e5b1f",
              "parentUUID": "684fbf4d-c4d6-4b3c-8ef8-12e313411190",
              "isHook": false,
              "skipped": false
            },
            {
              "title": "check https://pubninja.academy/product/2060",
              "fullTitle": "Check Class Pricing check https://pubninja.academy/product/2060",
              "timedOut": null,
              "duration": 18328,
              "state": "passed",
              "speed": "slow",
              "pass": true,
              "fail": false,
              "pending": false,
              "context": null,
              "code": "cy.assertProductPrice('https://pubninja.academy/product/2060');",
              "err": {},
              "uuid": "a75ff7c9-c9e8-4fcf-9af3-255609c93c33",
              "parentUUID": "684fbf4d-c4d6-4b3c-8ef8-12e313411190",
              "isHook": false,
              "skipped": false
            },
            {
              "title": "check https://pubninja.academy/product/2061",
              "fullTitle": "Check Class Pricing check https://pubninja.academy/product/2061",
              "timedOut": null,
              "duration": 4708,
              "state": "passed",
              "speed": "slow",
              "pass": true,
              "fail": false,
              "pending": false,
              "context": null,
              "code": "cy.assertProductPrice('https://pubninja.academy/product/2061');",
              "err": {},
              "uuid": "d20f1d30-a3d7-4bea-8743-46a743411eeb",
              "parentUUID": "684fbf4d-c4d6-4b3c-8ef8-12e313411190",
              "isHook": false,
              "skipped": false
            },
            {
              "title": "check https://pubninja.academy/product/2065",
              "fullTitle": "Check Class Pricing check https://pubninja.academy/product/2065",
              "timedOut": null,
              "duration": 22562,
              "state": "passed",
              "speed": "slow",
              "pass": true,
              "fail": false,
              "pending": false,
              "context": null,
              "code": "cy.assertProductPrice('https://pubninja.academy/product/2065');",
              "err": {},
              "uuid": "4e6e5173-ce20-42c8-8e9b-93efd96457c5",
              "parentUUID": "684fbf4d-c4d6-4b3c-8ef8-12e313411190",
              "isHook": false,
              "skipped": false
            },
            {
              "title": "check https://pubninja.academy/product/2066",
              "fullTitle": "Check Class Pricing check https://pubninja.academy/product/2066",
              "timedOut": null,
              "duration": 4542,
              "state": "passed",
              "speed": "slow",
              "pass": true,
              "fail": false,
              "pending": false,
              "context": null,
              "code": "cy.assertProductPrice('https://pubninja.academy/product/2066');",
              "err": {},
              "uuid": "8e666a52-812d-402c-98f8-f437b9be2d3b",
              "parentUUID": "684fbf4d-c4d6-4b3c-8ef8-12e313411190",
              "isHook": false,
              "skipped": false
            },
            {
              "title": "check https://pubninja.academy/product/2069",
              "fullTitle": "Check Class Pricing check https://pubninja.academy/product/2069",
              "timedOut": null,
              "duration": 25379,
              "state": "passed",
              "speed": "slow",
              "pass": true,
              "fail": false,
              "pending": false,
              "context": null,
              "code": "cy.assertProductPrice('https://pubninja.academy/product/2069');",
              "err": {},
              "uuid": "de1c608e-f44b-42e4-bf90-388e3f735d0f",
              "parentUUID": "684fbf4d-c4d6-4b3c-8ef8-12e313411190",
              "isHook": false,
              "skipped": false
            },
            {
              "title": "check https://pubninja.academy/product/2073",
              "fullTitle": "Check Class Pricing check https://pubninja.academy/product/2073",
              "timedOut": null,
              "duration": 16962,
              "state": "passed",
              "speed": "slow",
              "pass": true,
              "fail": false,
              "pending": false,
              "context": null,
              "code": "cy.assertProductPrice('https://pubninja.academy/product/2073');",
              "err": {},
              "uuid": "31bb0000-058a-4a98-ad5d-c93082daf740",
              "parentUUID": "684fbf4d-c4d6-4b3c-8ef8-12e313411190",
              "isHook": false,
              "skipped": false
            },
            {
              "title": "check https://pubninja.academy/product/2074",
              "fullTitle": "Check Class Pricing check https://pubninja.academy/product/2074",
              "timedOut": null,
              "duration": 17465,
              "state": "passed",
              "speed": "slow",
              "pass": true,
              "fail": false,
              "pending": false,
              "context": null,
              "code": "cy.assertProductPrice('https://pubninja.academy/product/2074');",
              "err": {},
              "uuid": "4434faa0-2752-4018-9029-f07c0171d2ff",
              "parentUUID": "684fbf4d-c4d6-4b3c-8ef8-12e313411190",
              "isHook": false,
              "skipped": false
            },
            {
              "title": "check https://pubninja.academy/product/2075",
              "fullTitle": "Check Class Pricing check https://pubninja.academy/product/2075",
              "timedOut": null,
              "duration": 17475,
              "state": "passed",
              "speed": "slow",
              "pass": true,
              "fail": false,
              "pending": false,
              "context": null,
              "code": "cy.assertProductPrice('https://pubninja.academy/product/2075');",
              "err": {},
              "uuid": "d651af7e-c27e-43d3-a194-15dd30155ebc",
              "parentUUID": "684fbf4d-c4d6-4b3c-8ef8-12e313411190",
              "isHook": false,
              "skipped": false
            },
            {
              "title": "check https://pubninja.academy/product/2076",
              "fullTitle": "Check Class Pricing check https://pubninja.academy/product/2076",
              "timedOut": null,
              "duration": 18495,
              "state": "passed",
              "speed": "slow",
              "pass": true,
              "fail": false,
              "pending": false,
              "context": null,
              "code": "cy.assertProductPrice('https://pubninja.academy/product/2076');",
              "err": {},
              "uuid": "ec178c51-dfc1-4f18-afa9-e6441a32b513",
              "parentUUID": "684fbf4d-c4d6-4b3c-8ef8-12e313411190",
              "isHook": false,
              "skipped": false
            },
            {
              "title": "check https://pubninja.academy/product/2077",
              "fullTitle": "Check Class Pricing check https://pubninja.academy/product/2077",
              "timedOut": null,
              "duration": 18310,
              "state": "passed",
              "speed": "slow",
              "pass": true,
              "fail": false,
              "pending": false,
              "context": null,
              "code": "cy.assertProductPrice('https://pubninja.academy/product/2077');",
              "err": {},
              "uuid": "a57a8a4a-364e-4f8d-a01b-19482a0d7cd0",
              "parentUUID": "684fbf4d-c4d6-4b3c-8ef8-12e313411190",
              "isHook": false,
              "skipped": false
            },
            {
              "title": "check https://pubninja.academy/product/2078",
              "fullTitle": "Check Class Pricing check https://pubninja.academy/product/2078",
              "timedOut": null,
              "duration": 17885,
              "state": "passed",
              "speed": "slow",
              "pass": true,
              "fail": false,
              "pending": false,
              "context": null,
              "code": "cy.assertProductPrice('https://pubninja.academy/product/2078');",
              "err": {},
              "uuid": "25028d6d-84b5-446d-b52c-9658f85370d6",
              "parentUUID": "684fbf4d-c4d6-4b3c-8ef8-12e313411190",
              "isHook": false,
              "skipped": false
            },
            {
              "title": "check https://pubninja.academy/product/2083",
              "fullTitle": "Check Class Pricing check https://pubninja.academy/product/2083",
              "timedOut": null,
              "duration": 18091,
              "state": "passed",
              "speed": "slow",
              "pass": true,
              "fail": false,
              "pending": false,
              "context": null,
              "code": "cy.assertProductPrice('https://pubninja.academy/product/2083');",
              "err": {},
              "uuid": "89be3ea7-5bc5-4cd4-9c74-5b091d738935",
              "parentUUID": "684fbf4d-c4d6-4b3c-8ef8-12e313411190",
              "isHook": false,
              "skipped": false
            },
            {
              "title": "check https://pubninja.academy/product/2084",
              "fullTitle": "Check Class Pricing check https://pubninja.academy/product/2084",
              "timedOut": null,
              "duration": 18141,
              "state": "passed",
              "speed": "slow",
              "pass": true,
              "fail": false,
              "pending": false,
              "context": null,
              "code": "cy.assertProductPrice('https://pubninja.academy/product/2084');",
              "err": {},
              "uuid": "cf4f6a26-b684-4c35-b9f3-39455d6e587d",
              "parentUUID": "684fbf4d-c4d6-4b3c-8ef8-12e313411190",
              "isHook": false,
              "skipped": false
            },
            {
              "title": "check https://pubninja.academy/product/2085",
              "fullTitle": "Check Class Pricing check https://pubninja.academy/product/2085",
              "timedOut": null,
              "duration": 4386,
              "state": "passed",
              "speed": "slow",
              "pass": true,
              "fail": false,
              "pending": false,
              "context": null,
              "code": "cy.assertProductPrice('https://pubninja.academy/product/2085');",
              "err": {},
              "uuid": "d032f020-383e-4fc5-ab94-3cf601a90181",
              "parentUUID": "684fbf4d-c4d6-4b3c-8ef8-12e313411190",
              "isHook": false,
              "skipped": false
            },
            {
              "title": "check https://pubninja.academy/product/2086",
              "fullTitle": "Check Class Pricing check https://pubninja.academy/product/2086",
              "timedOut": null,
              "duration": 18622,
              "state": "passed",
              "speed": "slow",
              "pass": true,
              "fail": false,
              "pending": false,
              "context": null,
              "code": "cy.assertProductPrice('https://pubninja.academy/product/2086');",
              "err": {},
              "uuid": "ccf76bdc-da9d-4fe9-96d3-b56c6bec10d8",
              "parentUUID": "684fbf4d-c4d6-4b3c-8ef8-12e313411190",
              "isHook": false,
              "skipped": false
            },
            {
              "title": "check https://pubninja.academy/product/2087",
              "fullTitle": "Check Class Pricing check https://pubninja.academy/product/2087",
              "timedOut": null,
              "duration": 19477,
              "state": "passed",
              "speed": "slow",
              "pass": true,
              "fail": false,
              "pending": false,
              "context": null,
              "code": "cy.assertProductPrice('https://pubninja.academy/product/2087');",
              "err": {},
              "uuid": "a1936629-a7d3-4690-af3e-2bbec41c8200",
              "parentUUID": "684fbf4d-c4d6-4b3c-8ef8-12e313411190",
              "isHook": false,
              "skipped": false
            },
            {
              "title": "check https://pubninja.academy/product/2088",
              "fullTitle": "Check Class Pricing check https://pubninja.academy/product/2088",
              "timedOut": null,
              "duration": 3810,
              "state": "passed",
              "speed": "slow",
              "pass": true,
              "fail": false,
              "pending": false,
              "context": null,
              "code": "cy.assertProductPrice('https://pubninja.academy/product/2088');",
              "err": {},
              "uuid": "0b31523a-40d7-421e-a491-436f4422fac1",
              "parentUUID": "684fbf4d-c4d6-4b3c-8ef8-12e313411190",
              "isHook": false,
              "skipped": false
            },
            {
              "title": "check https://pubninja.academy/product/2090",
              "fullTitle": "Check Class Pricing check https://pubninja.academy/product/2090",
              "timedOut": null,
              "duration": 17756,
              "state": "passed",
              "speed": "slow",
              "pass": true,
              "fail": false,
              "pending": false,
              "context": null,
              "code": "cy.assertProductPrice('https://pubninja.academy/product/2090');",
              "err": {},
              "uuid": "30b8bbe2-1a52-4728-8ede-367d693bc95c",
              "parentUUID": "684fbf4d-c4d6-4b3c-8ef8-12e313411190",
              "isHook": false,
              "skipped": false
            },
            {
              "title": "check https://pubninja.academy/product/2091",
              "fullTitle": "Check Class Pricing check https://pubninja.academy/product/2091",
              "timedOut": null,
              "duration": 20646,
              "state": "passed",
              "speed": "slow",
              "pass": true,
              "fail": false,
              "pending": false,
              "context": null,
              "code": "cy.assertProductPrice('https://pubninja.academy/product/2091');",
              "err": {},
              "uuid": "69fc2ffc-3df4-435f-ad19-ce8515ef078a",
              "parentUUID": "684fbf4d-c4d6-4b3c-8ef8-12e313411190",
              "isHook": false,
              "skipped": false
            },
            {
              "title": "check https://pubninja.academy/product/2092",
              "fullTitle": "Check Class Pricing check https://pubninja.academy/product/2092",
              "timedOut": null,
              "duration": 18942,
              "state": "passed",
              "speed": "slow",
              "pass": true,
              "fail": false,
              "pending": false,
              "context": null,
              "code": "cy.assertProductPrice('https://pubninja.academy/product/2092');",
              "err": {},
              "uuid": "edb3c97b-4bf9-4e92-bf4a-610b87ca3a76",
              "parentUUID": "684fbf4d-c4d6-4b3c-8ef8-12e313411190",
              "isHook": false,
              "skipped": false
            },
            {
              "title": "check https://pubninja.academy/product/2094",
              "fullTitle": "Check Class Pricing check https://pubninja.academy/product/2094",
              "timedOut": null,
              "duration": 17167,
              "state": "passed",
              "speed": "slow",
              "pass": true,
              "fail": false,
              "pending": false,
              "context": null,
              "code": "cy.assertProductPrice('https://pubninja.academy/product/2094');",
              "err": {},
              "uuid": "9a77cbcc-e4de-4756-8fd7-f98b93ba1958",
              "parentUUID": "684fbf4d-c4d6-4b3c-8ef8-12e313411190",
              "isHook": false,
              "skipped": false
            },
            {
              "title": "check https://pubninja.academy/product/2095",
              "fullTitle": "Check Class Pricing check https://pubninja.academy/product/2095",
              "timedOut": null,
              "duration": 17861,
              "state": "passed",
              "speed": "slow",
              "pass": true,
              "fail": false,
              "pending": false,
              "context": null,
              "code": "cy.assertProductPrice('https://pubninja.academy/product/2095');",
              "err": {},
              "uuid": "16f6bab1-a1a1-4b35-b0fc-2c255585ed17",
              "parentUUID": "684fbf4d-c4d6-4b3c-8ef8-12e313411190",
              "isHook": false,
              "skipped": false
            },
            {
              "title": "check https://pubninja.academy/product/2096",
              "fullTitle": "Check Class Pricing check https://pubninja.academy/product/2096",
              "timedOut": null,
              "duration": 19818,
              "state": "passed",
              "speed": "slow",
              "pass": true,
              "fail": false,
              "pending": false,
              "context": null,
              "code": "cy.assertProductPrice('https://pubninja.academy/product/2096');",
              "err": {},
              "uuid": "09d9fc4a-e627-4bfb-81c3-a8b119e82cbd",
              "parentUUID": "684fbf4d-c4d6-4b3c-8ef8-12e313411190",
              "isHook": false,
              "skipped": false
            },
            {
              "title": "check https://pubninja.academy/product/2097",
              "fullTitle": "Check Class Pricing check https://pubninja.academy/product/2097",
              "timedOut": null,
              "duration": 17544,
              "state": "passed",
              "speed": "slow",
              "pass": true,
              "fail": false,
              "pending": false,
              "context": null,
              "code": "cy.assertProductPrice('https://pubninja.academy/product/2097');",
              "err": {},
              "uuid": "f0928902-617a-4ddc-abdd-ba4a9ae3a16c",
              "parentUUID": "684fbf4d-c4d6-4b3c-8ef8-12e313411190",
              "isHook": false,
              "skipped": false
            },
            {
              "title": "check https://pubninja.academy/product/2098",
              "fullTitle": "Check Class Pricing check https://pubninja.academy/product/2098",
              "timedOut": null,
              "duration": 18892,
              "state": "passed",
              "speed": "slow",
              "pass": true,
              "fail": false,
              "pending": false,
              "context": null,
              "code": "cy.assertProductPrice('https://pubninja.academy/product/2098');",
              "err": {},
              "uuid": "1b1171e9-ded3-4265-86c1-610616dca79e",
              "parentUUID": "684fbf4d-c4d6-4b3c-8ef8-12e313411190",
              "isHook": false,
              "skipped": false
            },
            {
              "title": "check https://pubninja.academy/product/2099",
              "fullTitle": "Check Class Pricing check https://pubninja.academy/product/2099",
              "timedOut": null,
              "duration": 17712,
              "state": "passed",
              "speed": "slow",
              "pass": true,
              "fail": false,
              "pending": false,
              "context": null,
              "code": "cy.assertProductPrice('https://pubninja.academy/product/2099');",
              "err": {},
              "uuid": "7b2458de-392b-427f-b50c-0bcda80c77c9",
              "parentUUID": "684fbf4d-c4d6-4b3c-8ef8-12e313411190",
              "isHook": false,
              "skipped": false
            },
            {
              "title": "check https://pubninja.academy/product/2101",
[...]
            "b88eaef6-529c-497e-9c01-60d127bbaf1a",
            "35d7ed05-3894-4a10-a94a-ee3414e63623",
            "baeb1334-e9e0-4aac-888e-9461003999ec",
            "95a92dcd-c357-4d0c-a049-df174f157b70",
            "c7015243-c04a-454a-b80f-20d89916453b",
            "a0016ec2-b413-4601-95c4-7b83a518c100",
            "023f6c2c-6c82-4c04-a7ef-11a3a93c743e",
            "0958dc43-9fd1-47cb-8020-1016e6de9df7",
            "0f7dddc2-5573-4f9e-976b-3af1be59a70c",
            "a58bf264-a321-4c19-a4d5-a329201572fb",
            "b3f31b3c-320f-43fd-8a34-14aa3f026ab7",
            "794cbdd1-3197-4830-a5b6-bb37e9a60a0e",
            "cc29182a-e78d-428c-b089-09e6b9483305",
            "11cbdd70-7944-4dca-8d1f-eaebc5725aaf",
            "01069bc3-553a-45c0-88a6-5e482bcb0c34",
            "a130e326-0b94-4b4c-88ff-71e0ae88d80d",
            "88c3723e-0529-4cab-964d-3374922245fb",
            "f785ad66-b39f-48de-b85d-ad80db92a6bc",
            "50c826a5-1b71-4469-82ae-17e0bd7c48d9",
            "0fa2a7f7-ef5d-4f11-bd61-f88e302f52d3",
            "1658bd92-0669-4989-9ce2-f2540e196d73",
            "9acab53b-5f6b-4dbf-a291-750186e0a345",
            "fca06c39-5821-44b9-97d3-0469c41e461c",
            "e91a7c24-298d-435f-9c41-9fb37bae947c",
            "fb27fafd-9f1a-4a39-baaf-a7e40fd30372",
            "c829e5c8-330b-4e01-930b-df3a08d36ed6",
            "dcb512d8-cb65-4f31-95d8-52091ad72c8d",
            "96093647-35a9-41d4-8c34-82e4b134dac8",
            "d4388655-7f8f-4326-88b0-e7507711e7e3",
            "97606d9b-b51a-472a-8e51-7be5720a2840",
            "0efecbc0-2368-45fd-9658-66cd33ae4315",
            "841b72c1-e30e-479f-98de-bf0913ccc1b5",
            "61d87922-9a47-4b3e-9aa4-4060d563e298",
            "f835c4a5-3494-4e99-8841-8d1a2bb245db",
            "02d5ffaa-556c-4966-a4d9-8683dd7c70b5",
            "b810e3e2-6585-4d43-a3cc-bf3456599f03",
            "71fb1065-0509-4236-b6c6-89f1fbebb6f3",
            "da8b1f99-7bcb-4e0a-a392-c8a4bc9a26ce",
            "7021e2f0-e6c0-4a6f-b64b-be4103433320",
            "14ab24e5-eab5-4250-a637-aae5937bd4c8",
            "a52cba03-d132-4753-83ff-6ac262fdb1c9",
            "9154ff14-cecd-4703-b3e5-29a9f7155691",
            "ccf433e9-f6c6-4cca-950f-c7e141ae41bb",
            "772f2bab-2770-4529-86e9-3bf248908cb8",
            "15be0394-6d7f-408e-b9a4-8afa36021f63",
            "ae88331f-2fc4-463a-abe5-105c6675b5ec",
            "6a0023ff-e88d-4db5-a74f-5c692ceff0ea",
            "55c78f03-4bd2-4e5b-8902-9c4263c76cbc",
            "281de93d-9ed8-4316-a0c7-1634b11c5668",
            "d09e3577-f248-4a3e-901f-47d57fafd6ba",
            "3936eb4c-0cb3-49f5-94eb-e59510eba108",
            "99505dea-3cff-4476-92ec-a79453c07e2f",
            "94d86199-5c2b-426c-81d2-dedcb8cf1782",
            "c347e63e-5265-4e32-b5b0-df5701278182",
            "ce77d880-a360-4478-808a-6e09d46b9dcb",
            "45b3bebd-9385-4848-95e8-19dc3b64d856",
            "bec4e11d-8fdd-4f6a-9c8a-e71eb7b0e7eb",
            "c9f75900-629b-40da-a6a0-91ee236c03fd",
            "7607f85d-525c-44c5-952f-9860c6a82420",
            "8379c557-c51e-4c90-914a-1d9a3fc7faf2",
            "3f7c6caf-f2da-4d25-898c-f2fcea6d4244",
            "6a7770eb-7851-4a6b-a0ea-86daf0854109",
            "1ac13aab-b709-43d3-96b6-809562159e26",
            "9d9390bd-c4c4-4fdb-b2f1-558f2a3aa28e",
            "4feffdcf-7b73-48ed-8f6c-369b271cc9b0",
            "eda499c6-9c52-46e8-82ec-823476f0e54c",
            "1149b358-6008-4dea-93cc-0d723a455356",
            "d325cd6b-4e88-4ca8-89e0-4a94fff6b03b",
            "4bb2d28a-b797-48ca-86ad-ae935f736311",
            "5c024cf1-caac-4814-8ec5-4d7a48e503ba",
            "539b8bf1-7b05-4a86-94d0-85187d6f41f4",
            "9a1b68ff-6796-4f12-afc6-b47742e062ba",
            "7fd6994a-dbc5-401b-bcb8-df45d08cb8c0",
            "ce9c837d-d188-46ce-b1e7-aa7efb7c3d41",
            "e97c2e56-ced5-4672-a6b5-113868844ba4",
            "53892e9f-6e84-4efe-bef6-8845236434d4",
            "d80fe804-095c-407d-807d-b3d8e8a15353",
            "2743cfd5-d3bc-4792-b8f3-d0cc2d4dc00a",
            "f3f81fd2-4955-4704-a61b-043f3b73d546",
            "3fe6b2eb-77a8-4660-9b7b-4560622b7ce2",
            "9369954c-cf7a-4bef-8770-763422dbf04e",
            "ebfe6c2b-28d9-400b-ad90-79eab57a8ffa",
            "134240ff-7776-4f79-a906-aa16f453baf6",
            "a3d154ef-f713-4b8b-a6b6-ef82a5aef189",
            "0565fdfb-90f6-4f44-ad06-9bb0f63ffbbe",
            "c7ae9794-000d-4aa2-97cd-35b172a0b47e",
            "7229a57a-e217-4eb5-a521-0025ff82d400",
            "78b04618-70ba-4a15-accf-b5624531cd5e",
            "85466693-26d9-4e06-a68e-4bd47fcd6723",
            "976f5ecb-fdee-4a61-9c74-5dab3e2cc3b6",
            "5584874e-9df3-4315-a15a-4e42f0bad1e1",
            "c9cad9a4-0fc3-436e-a733-ff4a0b45d90d",
            "2013e4d4-a2ed-402f-9830-076340877854",
            "7e5dc4e8-b39b-4984-91f1-b1bf1484bb29",
            "5c4d777f-64e8-4da5-9fab-47c2884555be",
            "56e56911-40ef-420c-a0c4-257ae9b5fb0d",
            "5cfc4a52-812f-4f97-985d-6b98c9a3352e",
            "6eb258ea-c0b1-4304-9e35-abcc9b507823",
            "a73fdf90-4755-45f5-b37d-c36f3ce2b8ff",
            "5dd5c492-89a0-45fb-a531-f189a4ac2c3f",
            "9ed48dc5-0a91-4aab-954e-b298a09da04b",
            "d3a47b9a-084b-4500-a4a4-5f66ac292693",
            "3afa4e1e-b422-467d-9309-3eab86333d79",
            "602f1023-e7c0-47c9-9369-86ac803701fd",
            "cdb92338-1cec-45d4-a65e-0d965df3da8a",
            "0ddeb5f0-ee72-4bbb-bfa5-8f07f1a21936",
            "de4e914f-12e4-45c9-ab70-45d070904f0b",
            "6f509362-efaa-4954-9531-a3a44e0648e8",
            "3fe1642e-667d-44d9-8bc8-ddfd93fc14d3",
            "d2e6551d-e66b-483b-bb4e-6ae7565e552c",
            "3c45f25e-84bb-4a1c-9573-27410da7ac68",
            "c189f159-a7b0-4879-ba88-047919dd4756",
            "65ef4dbc-97ff-4b2b-82a8-ea3f915845e6",
            "1d7b7f9f-f3c8-48e9-af7d-a575c56dc7e5",
            "22afbf8b-1ea6-4a82-a15f-1ca936a68515",
            "087d27c4-ffa4-4a96-9d11-dd7ffe22c8c3",
            "d209d5b5-9e0e-4e71-bf9f-708d3d30ded4",
            "2940f190-82df-4498-ab75-38878dec9d79",
            "b680de65-42df-4d56-8a70-ffff2a87c5a4",
            "148d21e4-ce18-4a84-a30b-b0f3bb6f91fe",
            "bcc28df3-61d0-499b-9b66-e2a13ca185f4",
            "5d0349fe-9528-4a87-a7ee-b73ed5798af1",
            "0401b31a-68fe-4df8-b639-9264623b8c7f",
            "b203aa41-f6e4-43f8-b099-310014aebdb3",
            "15edc079-fff0-47ca-9f2d-6136b8a33998",
            "d5d22c4b-b9b6-411b-a068-d7962fa2a297",
            "0ff41a79-4643-4388-8b6f-c9bbcbc7d126",
            "9c49a98f-a548-4408-b448-c7422abe7b39",
            "8015a338-2cda-4d5b-9b34-1a0e81d789b5",
            "77fbedfa-efb3-4256-9366-aaac5f2fd98f",
            "ada04e60-6059-4657-a75b-673818fb8ef1",
            "d5f4c237-30ea-4210-a988-d7f9ac3849aa",
            "d9eb2b69-b0ae-4a00-922a-3c7f5c3c4ad0",
            "624227c5-17d7-413f-8938-756270a11b45",
            "4612aa04-348e-4c9f-ba29-d211f1696c08",
            "e5b3d54c-e40c-4558-a73e-143694128c3c",
            "08cde203-14e1-48cf-9968-a0ed234858fd",
            "7d9aa36c-7593-4f87-be73-82f660a78bee",
            "6fbfc68b-c4de-498c-9c5c-274d97495dba",
            "d29cb73e-b92b-4c32-861d-642ebf6d6db4",
            "b21fdca6-062e-46a8-8244-9057bde821c4",
            "4eba1914-d2ac-4d45-b73c-6f88cf5fa7a5",
            "12445675-8f83-443c-a414-8a37c17aea9e",
            "c63fec85-a94a-4d38-b820-5e11b7de0fe4",
            "fd98db9c-a57b-48a6-ae51-cdc70228e6b9",
            "d33d08bc-0922-4f82-83db-e9c7c74631d5",
            "074a65d1-7e86-41d2-a730-ee8077410ac0",
            "863eecce-e97b-4ea2-9862-d982b55c8c6c",
            "f3b06215-5f35-4a57-9343-b8954fdc4fab",
            "b6d6fa06-d250-471d-8d67-7594add70b93",
            "909edaae-6958-4458-9a6a-de0dfad5857b",
            "a1b035ed-565a-45ca-98b7-bef3c96a33ce",
            "2a413e02-6b32-4fa0-96e4-1a44e2db7d32",
            "1120dfd9-bc61-499c-b91b-cb3c2a6f99af",
            "19707493-020b-47a2-ac31-4b3fce7fd7e9",
            "0f94741a-e67c-4a0f-88c1-97f842b67f45",
            "37a316b0-06fc-4213-91a5-095684bcf018",
            "a2179f9f-8d86-4630-8773-7707d2a5ba64",
            "0b5befc4-85a2-4cad-a701-66ce23d4d091",
            "bf503b77-e188-4409-b8e4-1e66bc398be6",
            "2003e3d9-1293-4baa-8d88-7b97d6297160",
            "2f4bc534-26c4-4358-ae7c-45f6c769cdb8",
            "f37daa45-7245-4334-b64a-4757e066f135",
            "0d65b18a-e8a1-453c-ae6e-e6ce65765ce1",
            "73d0ac88-517e-4500-a33f-8acb45be4c6f",
            "0c048ee0-f3e9-46b5-8399-964200a81d2b",
            "585c94cf-feda-42c2-8010-72b287516dcc",
            "ccfbb0de-2f67-4fe3-881b-bae649e27418",
            "cabadb7d-93db-4d48-893d-f082106b7c02",
            "5fb6ff6a-4ce2-4c96-b2c2-df0060cd4dd3",
            "cf92cdd8-a9bc-4e6c-a5d7-60192bcf29bf",
            "887baee8-5f27-47e7-9848-3bdf8c6af0e7",
            "913bdcee-c474-406b-9771-d0c2a26deb44",
            "7201ee2b-2719-41ac-972d-60e9d9b3608a",
            "119c0061-2e2f-4325-94ed-a2a220c7f061",
            "1504393b-6e91-4313-807b-251f089d1740",
            "8c94cac5-76af-4372-9cce-33160a8d1a0c",
            "8fa8a740-0a37-40e6-a5b1-97f066871877",
            "71108fd9-b4e9-4cbf-9966-768f755d9c95",
            "9ee51423-5102-4640-8179-ddbc495d8c08",
            "899c0236-f456-4d26-b510-c4666f6e51af",
            "68316840-2184-4f2d-bcac-beb256caf029",
            "2e9b4811-76c5-4a54-ba58-c4fdd5085770",
            "cc037dda-fef7-4360-b65b-c5c3fcbd111f",
            "bcc60d9a-b9a6-4ca1-8be4-ce5420b23d68",
            "787daf85-3ac8-44fd-817a-229b4e25f9d3",
            "7551e9ea-fce1-4553-9233-c23b22173132",
            "6fd0164a-beec-43f4-a7e2-ab6695624e34",
            "6002e06c-c0f5-426c-9b59-634bff5ba155",
            "aa8f3050-0934-4a0d-b7c2-51c0d3474287",
            "e67698aa-c652-4e01-a247-69e42e4762ef",
            "95cc048b-c7b2-4b6c-b371-24c73383033b",
            "0dbf9ee0-91e9-410c-a314-d187b3bafb33",
            "234d35e1-b1bf-4ec1-8a99-33cb743ec4dc",
            "ff67079c-cb4d-4260-a869-c5aecb68c4a9",
            "184b50ef-a4ab-43dd-8906-e6f108ef16f4",
            "f53074ff-d38d-484a-ad81-30c12f664894",
            "f89d76a8-7f6d-4cc5-92e2-50aed130cc41",
            "44081941-c478-4fc9-b0cb-93b9f9a23475",
            "efbbff2b-b40b-4d62-8e0a-980bcbe9a79a",
            "8c4a99b4-ed14-49b2-8056-eda4c5626978",
            "e9c6a6f8-97e3-4f92-a8db-fb40fd8f794a",
            "85333f1a-0174-408c-8ed0-21323fd32222",
            "a268086f-9903-4d9d-8f59-b43117289e0f",
            "dc47615c-5483-4f0a-9dc6-8c7c0bcbfa64",
            "5745ca27-37ae-468f-8ea5-3a8f77f5ce88",
            "27792cad-1884-436b-ba78-5fd00ec7f518",
            "b77b0509-35e8-486f-8db9-85b366593583",
            "8fb9782a-3ff5-4a39-bf00-77d3fed85836",
            "32b27977-310a-4622-b05d-75239f4b4ab1",
            "b52ed347-cb36-4b94-bf2d-f57ff9992ac0",
            "80920b81-3807-4cd1-a3b2-7aa87c6155fa",
            "4f70acd2-f432-48e9-a66a-1b853bc07ccf",
            "3c913134-6ef0-41c6-80c9-1b86be44957f",
            "e83682c2-234f-43f6-a928-5bbdbe3d9cfe",
            "d12cafd2-d9cf-460b-84c1-488e7d1b2d97",
            "9d120a23-f399-4cee-9d78-43874a72eca9",
            "4d07f123-bb77-457b-8b65-4e3726ce8a0d",
            "c9f6d466-f68e-4aec-8a14-ddd4397d1041",
            "e482bd6c-5aa3-41ef-8df3-fdb0c3c77b8e",
            "6fbc789c-0a2d-4af1-89c5-41ce1ac176d8",
            "61bad368-42c0-4844-ab47-e89872209543",
            "10142b34-c671-4ded-9cee-331523392543",
            "a10785bd-c6e1-46fe-bcd0-98465a30d2b4",
            "94aa0821-99ee-4692-938c-663596ba2703",
            "cf9d2b8b-db75-49d2-9f1c-bd24de552bf5",
            "70317468-b415-4347-82cc-0b5eaea03c46",
            "3ffcfc61-f7dd-49f3-9587-c4c57f87541b",
            "df963961-1f9b-4986-a194-98f3588b670d",
            "be049940-bde0-4649-af9d-befc8c6b16ee",
            "b55daf3d-d3f3-4325-aab0-3c6871e95ec1",
            "d2137f67-8f80-40db-a292-74967fc1d37e",
            "da47cd03-94b0-4041-866f-106578433e0f",
            "f7599acc-b249-43a7-907c-1f5236595262",
            "ab3670ca-235b-487d-ad43-d7ad9530a9e5",
            "8ec98d26-172e-4983-87af-23fd424e84eb",
            "0372a0e6-eb8c-46df-891b-ed5e41d88ab4",
            "99b64979-44bb-4825-87ca-393962cbccfb",
            "b94575d9-5758-40e1-8b14-0f63e77a2f54",
            "8d529ede-ad26-489b-a819-7a4f1370a05f",
            "9e1f1905-0228-4dee-acaf-d7776fe54ff3",
            "abaa2174-9190-47cf-8123-8551b5d6d4db",
            "9d79b7eb-1d0f-4fac-9d5a-18e0d4786ebd",
            "b2a7339e-b96e-47c2-977b-32f2137c68c0",
            "5ab4d773-b876-437d-bd3d-9ae531c10ec6",
            "312e20b4-2d33-46cd-835a-1c930d10438a",
            "5e98e24c-b3a5-4615-965c-9554203f30ae",
            "d0d9b86e-7551-417a-b640-546d16518259",
            "f5f65f0e-b873-47c3-8a33-c53c7cc0bcb8",
            "f4589cc3-0f67-47ea-b166-7fd82ba99389",
            "e48e13f7-6f86-4622-9a5b-f9b3a587dfb7",
            "6556b5c0-464e-4107-ad1e-2dc346a3f24c",
            "0868d36d-349d-4540-b6fb-cef8e94c561f",
            "7651f70b-07f3-42be-94a3-f2446030f735",
            "384bfdf8-9899-4e69-a102-88d9c95d5f6e",
            "4339ed30-cf92-4ab6-aff4-4f459d700676",
            "b9d09287-0187-4730-8e0e-b5736326c7ce",
            "0cef1edc-4015-4ea4-aca9-81791bb17c4d",
            "24c24eae-363b-4de7-8984-e0a3c713b1f0",
            "73e6581f-7fd6-47f3-a852-1efc29ab740c",
            "a8e52104-39f4-492d-9b9d-efce39a249b3",
            "7b3aa6b8-78cf-43de-aa11-a321ff940519",
            "00416893-18a3-4d06-8bf1-e9d75a398ebf",
            "4b3f7c74-7599-4d86-b048-267b13263f18",
            "06294e21-12e1-4e6b-86a1-f71ef100343b",
            "fad793db-0c32-4c7b-889c-36606664a82b",
            "4d972f64-31df-424a-8253-d48681a573f8",
            "a4d4d966-b623-43e1-b339-bd94abafde72",
            "7f4c74dc-88e6-457f-b3bf-c2e136ded1fc",
            "e14c03e2-31e2-407c-83eb-a04fc6e2fe04",
            "7d35b0f0-06d1-4abb-b8b6-837dcea1af40",
            "4a39aa41-9903-4971-b6bd-b9c548d58cc5",
            "2a01a537-d0b8-49cf-86e1-e4463241c1a3",
            "bd58abee-dbf7-400b-8ac9-46afe3ce72c5",
            "c078055d-3ed2-414f-9aae-1a415762b5ab",
            "bbc54df6-93aa-42b6-8230-ec03622e8717",
            "ff3f6477-229a-471e-8c96-d533b9a61cdc",
            "f90a892c-f514-4331-98cd-a9fd092038cd",
            "fd8f66e8-c8a1-4e7a-a501-438fc57f43cb",
            "0bc5c907-1cfb-4f63-9a26-4801a1d7dcb6",
            "3446a8a8-bdda-4dcd-9693-378d92928abc",
            "1f65bf56-b0b6-4357-bdc3-fac3fc7d34ef",
            "b8986985-ae72-473f-8d37-2db9bf946ff2",
            "8ae6b7dc-822f-46bb-bd56-416d55fc1829",
            "5b314ea5-2ab4-4868-a1ca-13b7b38cd5f2",
            "bf98fc37-93ad-4872-b122-91df51982c0d",
            "79ea4afb-1743-44cd-a07c-87677a2dddce",
            "825d4a9e-2010-42f5-b97b-dccbdd0c783c",
            "780e00dc-b1bb-4222-8e3e-4571326a3e91",
            "d543a3ff-cd73-4831-924c-9fc28f8b6625",
            "7011f9e8-453b-4bdd-88cb-d4aa7bb895de",
            "871ee966-017c-4676-a2ed-ae464ba4f355",
            "fcdab5f8-307d-4dca-b172-b6e64e5f61fe",
            "7720ae1d-c516-4fe3-8b7f-3efbc0396bfe",
            "78357d5c-806b-407c-a30d-1e626cce8b39",
            "cb3bbe55-265a-439f-ad77-94b0cb7062fb",
            "f31a87fa-8833-4d0f-94b7-6d1819372919",
            "46717ae4-c7fa-4c92-aeec-e85ddae69c15",
            "0294da59-02d3-41d3-adfd-154516d53538",
            "74f7b454-a40a-441b-9f70-ee248f8ac287",
            "aa161347-cc09-4e83-bb36-5ee43a9b9e79",
            "59c8f4ba-3e0b-431e-9c0b-10aaa31aa395",
            "0772a79a-8f83-4a6e-88ef-89250f8e915d",
            "74cda5fd-6437-412b-abcb-c1c0ac0587dd",
            "07043ce8-a618-4933-ba5c-e14de861e12c",
            "6dde7a94-b938-4ff0-a32b-7a75cb0127f4",
            "b0d5bfcc-71b0-43ee-8e73-19fa38bd196b",
            "39d226a0-7629-433f-85c9-3da884dcf66b",
            "a487b849-aa00-43e8-9c80-a5a04a1e43d2",
            "dd6e8ad3-0ef7-4fe6-baef-30f936b97fb0",
            "27ae7979-d03c-44e9-8aed-677ccbb097e3",
            "e9cadb14-1261-4e8e-826e-fb9bd6c4c96d",
            "682bb68f-6189-4a64-aa11-064f8fd2d797",
            "354304d1-68dd-430a-b191-37e36f92c5bc",
            "e16e8ee1-a3c4-4db4-827f-033cee2da452",
            "87a96d64-3210-4b0c-b4b4-a34a02f8227f",
            "aa6ba39a-618e-4474-a65a-b82642410897",
            "e84ce350-bf72-4bfe-9325-fa16451cea94",
            "d22007b4-f618-4efc-ad97-8fcd24af6d70",
            "f90ae497-ab36-4257-bca0-c80b83fc4c02",
            "296b8c9e-84bf-436d-b0b8-1361941bd635",
            "3cfadda0-1e9b-4874-a585-99fd123ea949",
            "9d640345-4016-4a0f-b09b-a45b7c40c9bc",
            "00df807b-c41d-441f-b847-1f4b5459d592",
            "dee45d97-2c86-40a9-8005-9b64b0b4a6fc",
            "77beb131-1218-4c43-8caa-8d7cd3f7be86",
            "57ef5b05-06ad-45cd-b390-c1867945215b",
            "a3598f30-5e9a-4860-b9e6-6ad94273b63f",
            "9b6900c2-455e-43c9-8648-5013399578af",
            "9ab1d3a2-9402-4ada-94c1-dbb56a843f30",
            "2a649675-1b01-4856-907f-f00b16ade36f",
            "a47cbaca-0411-4e60-8315-30fb6de5b1c2",
            "8a9124bc-74d9-4a0c-902d-b7c7b26f47a6",
            "88a1999a-5e00-450b-b06e-e32264766dfb",
            "b44c5c97-634e-4751-b506-04512ee04be6",
            "5ae192e3-8a16-469b-bf87-c76bb6738af3",
            "6d233bb5-5fbf-44c1-8280-a511024ade1c",
            "209d3471-d429-482a-a543-47613ec756bc",
            "5fac7056-ec55-42fe-898d-00435ea9f42d",
            "b9a0ed43-5fbf-45d8-bdb5-1927c379dec9",
            "89f1131b-6682-412d-b7b8-aa8e6ecbccd7",
            "526c0f53-209f-4eb8-8ca3-164925d06b3b",
            "b1c55eff-d068-4a0f-b025-1361c5de47b0",
            "27c085c1-5b2f-4d4e-bde6-ec327395b605",
            "c17fddf3-df74-4624-9870-2346517e04b6",
            "92d7a095-b47d-4e74-900c-b9e5110f0a80",
            "89489aa9-a4a4-4576-8150-62ef619ddd7d",
            "6a566702-d830-4a66-98d8-ca9599666849",
            "447674fe-5296-452e-9936-0ef96752ed1d",
            "b0a1eb72-7555-4a1d-b485-9359bcba4438"
          ],
          "failures": [
            "2a666120-4f34-4e93-a2a3-d182415023a4",
            "39aa6482-0479-4b99-90ed-68daaf55e87f",
            "f517708e-4110-49d2-b68c-f3e3d7a12068",
            "0c112207-7b25-4f59-b2f4-87e2514d3e86",
            "59553018-2b50-4994-93b4-2a5ee0a3fbca",
            "543905f8-fb72-4455-9038-62e6dada1982",
            "d9965ec2-c678-42fc-a508-4c327a148cd9",
            "741caa1b-92bb-40e7-91a0-b219d8bb15e3",
            "8fe26861-fba4-4b0d-bf6d-186b32cd30f0",
            "3e12d6e7-b1a4-42cb-acd0-c73eb4628a75",
            "7217d977-24d6-4004-917e-43e6a9c7a31e",
            "0af1d908-e786-4284-866b-e17d8e99a41b",
            "46a21680-2a01-46d4-9c7f-25a0759d5584",
            "fd157760-e4c9-403f-bf9c-1a0423e5fa25"
          ],
          "pending": [],
          "skipped": [],
          "duration": 9046418,
          "root": false,
          "rootEmpty": false,
          "_timeout": 2000
        }
      ],
      "passes": [],
      "failures": [],
      "pending": [],
      "skipped": [],
      "duration": 0,
      "root": true,
      "rootEmpty": true,
      "_timeout": 2000
    }
  ],
  "meta": {
    "mocha": {
      "version": "7.0.1"
    },
    "mochawesome": {
      "options": {
        "quiet": false,
        "reportFilename": "report",
        "saveHtml": true,
        "saveJson": true,
        "consoleReporter": "spec",
        "useInlineDiffs": false,
        "code": true
      },
      "version": "6.2.2"
    },
    "marge": {
      "options": {
        "reportDir": "cypress/reports",
        "reportFilename": "report",
        "overwrite": false,
        "html": true,
        "json": true,
        "timestamp": "mmddyyyy_HHMMss"
      },
      "version": "5.2.0"
    }
  }
}