{
  "stats": {
    "suites": 1,
    "tests": 14,
    "passes": 13,
    "pending": 0,
    "failures": 1,
    "start": "2021-04-17T09:09:30.557Z",
    "end": "2021-04-17T09:12:36.212Z",
    "duration": 185655,
    "testsRegistered": 14,
    "passPercent": 92.85714285714286,
    "pendingPercent": 0,
    "other": 0,
    "hasOther": false,
    "skipped": 0,
    "hasSkipped": false
  },
  "results": [
    {
      "uuid": "d0e08ef9-127a-4d96-bec6-3e967e7190e9",
      "title": "",
      "fullFile": "cypress/integration/testcase/check_pricing_set01.spec.js",
      "file": "cypress/integration/testcase/check_pricing_set01.spec.js",
      "beforeHooks": [],
      "afterHooks": [],
      "tests": [],
      "suites": [
        {
          "uuid": "c87f95ec-7ddf-4db7-bf0d-3763babc9694",
          "title": "Check Class Pricing",
          "fullFile": "",
          "file": "",
          "beforeHooks": [],
          "afterHooks": [],
          "tests": [
            {
              "title": "Check Product_id 2371",
              "fullTitle": "Check Class Pricing Check Product_id 2371",
              "timedOut": null,
              "duration": 15131,
              "state": "passed",
              "speed": "slow",
              "pass": true,
              "fail": false,
              "pending": false,
              "context": null,
              "code": "cy.assertProductPrice('https://pubninja.academy/product/2373');",
              "err": {},
              "uuid": "f7e1387b-22e0-4555-a259-76850428799b",
              "parentUUID": "c87f95ec-7ddf-4db7-bf0d-3763babc9694",
              "isHook": false,
              "skipped": false
            },
            {
              "title": "Check Product_id 2300",
              "fullTitle": "Check Class Pricing Check Product_id 2300",
              "timedOut": null,
              "duration": 3389,
              "state": "passed",
              "speed": "slow",
              "pass": true,
              "fail": false,
              "pending": false,
              "context": null,
              "code": "cy.assertProductPrice('https://pubninja.academy/product/2300');",
              "err": {},
              "uuid": "c0b4b7bd-3ae9-4d95-a102-8d8dd19da696",
              "parentUUID": "c87f95ec-7ddf-4db7-bf0d-3763babc9694",
              "isHook": false,
              "skipped": false
            },
            {
              "title": "Check Product_id 2501",
              "fullTitle": "Check Class Pricing Check Product_id 2501",
              "timedOut": null,
              "duration": 14114,
              "state": "passed",
              "speed": "slow",
              "pass": true,
              "fail": false,
              "pending": false,
              "context": null,
              "code": "cy.assertProductPrice('https://pubninja.academy/product/2501');",
              "err": {},
              "uuid": "b22c29e6-d3e5-4b2d-ac0c-86b85ce72e12",
              "parentUUID": "c87f95ec-7ddf-4db7-bf0d-3763babc9694",
              "isHook": false,
              "skipped": false
            },
            {
              "title": "Check Product_id 2499",
              "fullTitle": "Check Class Pricing Check Product_id 2499",
              "timedOut": null,
              "duration": 18961,
              "state": "failed",
              "speed": null,
              "pass": false,
              "fail": true,
              "pending": false,
              "context": null,
              "code": "cy.assertProductPrice('https://pubninja.academy/product/2499');",
              "err": {
                "message": "AssertionError: Timed out retrying after 4000ms: Expected to find element: `//span[@class='h1 css-1woqoor bold m--1 svelte-p3dboo']`, but never found it.",
                "estack": "AssertionError: Timed out retrying after 4000ms: Expected to find element: `//span[@class='h1 css-1woqoor bold m--1 svelte-p3dboo']`, but never found it.\n    at Context.eval (https://pubninja.academy/__cypress/tests?p=cypress/support/index.js:141:12)",
                "diff": null
              },
              "uuid": "9945b1ee-c20a-472f-851b-e75a52ed0b06",
              "parentUUID": "c87f95ec-7ddf-4db7-bf0d-3763babc9694",
              "isHook": false,
              "skipped": false
            },
            {
              "title": "Check Product_id 2497",
              "fullTitle": "Check Class Pricing Check Product_id 2497",
              "timedOut": null,
              "duration": 16616,
              "state": "passed",
              "speed": "slow",
              "pass": true,
              "fail": false,
              "pending": false,
              "context": null,
              "code": "cy.assertProductPrice('https://pubninja.academy/product/2497');",
              "err": {},
              "uuid": "226314b9-8373-42ad-8a87-abe2580f2eef",
              "parentUUID": "c87f95ec-7ddf-4db7-bf0d-3763babc9694",
              "isHook": false,
              "skipped": false
            },
            {
              "title": "Check Product_id 2467",
              "fullTitle": "Check Class Pricing Check Product_id 2467",
              "timedOut": null,
              "duration": 3113,
              "state": "passed",
              "speed": "slow",
              "pass": true,
              "fail": false,
              "pending": false,
              "context": null,
              "code": "cy.assertProductPrice('https://pubninja.academy/product/2467');",
              "err": {},
              "uuid": "23595361-aa01-4dc4-8ed0-c16844d109e6",
              "parentUUID": "c87f95ec-7ddf-4db7-bf0d-3763babc9694",
              "isHook": false,
              "skipped": false
            },
            {
              "title": "Check Product_id 2453",
              "fullTitle": "Check Class Pricing Check Product_id 2453",
              "timedOut": null,
              "duration": 14126,
              "state": "passed",
              "speed": "slow",
              "pass": true,
              "fail": false,
              "pending": false,
              "context": null,
              "code": "cy.assertProductPrice('https://pubninja.academy/product/2453');",
              "err": {},
              "uuid": "d78bb04b-bd59-4c54-bf8f-e55dab61d011",
              "parentUUID": "c87f95ec-7ddf-4db7-bf0d-3763babc9694",
              "isHook": false,
              "skipped": false
            },
            {
              "title": "Check Product_id 2443",
              "fullTitle": "Check Class Pricing Check Product_id 2443",
              "timedOut": null,
              "duration": 15960,
              "state": "passed",
              "speed": "slow",
              "pass": true,
              "fail": false,
              "pending": false,
              "context": null,
              "code": "cy.assertProductPrice('https://pubninja.academy/product/2443');",
              "err": {},
              "uuid": "263d0600-5d0f-4471-ae33-75ec2a838d4b",
              "parentUUID": "c87f95ec-7ddf-4db7-bf0d-3763babc9694",
              "isHook": false,
              "skipped": false
            },
            {
              "title": "Check Product_id 2424",
              "fullTitle": "Check Class Pricing Check Product_id 2424",
              "timedOut": null,
              "duration": 15547,
              "state": "passed",
              "speed": "slow",
              "pass": true,
              "fail": false,
              "pending": false,
              "context": null,
              "code": "cy.assertProductPrice('https://pubninja.academy/product/2424');",
              "err": {},
              "uuid": "1e4365a7-66ee-4067-8e36-d1e45416f77e",
              "parentUUID": "c87f95ec-7ddf-4db7-bf0d-3763babc9694",
              "isHook": false,
              "skipped": false
            },
            {
              "title": "Check Product_id 2417",
              "fullTitle": "Check Class Pricing Check Product_id 2417",
              "timedOut": null,
              "duration": 3032,
              "state": "passed",
              "speed": "slow",
              "pass": true,
              "fail": false,
              "pending": false,
              "context": null,
              "code": "cy.assertProductPrice('https://pubninja.academy/product/2417');",
              "err": {},
              "uuid": "969654a6-8412-41d2-a84b-ebca7564eaa2",
              "parentUUID": "c87f95ec-7ddf-4db7-bf0d-3763babc9694",
              "isHook": false,
              "skipped": false
            },
            {
              "title": "Check Product_id 2414",
              "fullTitle": "Check Class Pricing Check Product_id 2414",
              "timedOut": null,
              "duration": 17238,
              "state": "passed",
              "speed": "slow",
              "pass": true,
              "fail": false,
              "pending": false,
              "context": null,
              "code": "cy.assertProductPrice('https://pubninja.academy/product/2414');",
              "err": {},
              "uuid": "651cf53f-de45-410d-b9d4-3d2a54bb5206",
              "parentUUID": "c87f95ec-7ddf-4db7-bf0d-3763babc9694",
              "isHook": false,
              "skipped": false
            },
            {
              "title": "Check Product_id 2385",
              "fullTitle": "Check Class Pricing Check Product_id 2385",
              "timedOut": null,
              "duration": 15725,
              "state": "passed",
              "speed": "slow",
              "pass": true,
              "fail": false,
              "pending": false,
              "context": null,
              "code": "cy.assertProductPrice('https://pubninja.academy/product/2385');",
              "err": {},
              "uuid": "2302b1af-aeb4-4bab-b3ff-32cbcd1601b4",
              "parentUUID": "c87f95ec-7ddf-4db7-bf0d-3763babc9694",
              "isHook": false,
              "skipped": false
            },
            {
              "title": "Check Product_id 2374",
              "fullTitle": "Check Class Pricing Check Product_id 2374",
              "timedOut": null,
              "duration": 2904,
              "state": "passed",
              "speed": "slow",
              "pass": true,
              "fail": false,
              "pending": false,
              "context": null,
              "code": "cy.assertProductPrice('https://pubninja.academy/product/2374');",
              "err": {},
              "uuid": "07bd4f99-6921-4320-bd21-7eb213ccadbe",
              "parentUUID": "c87f95ec-7ddf-4db7-bf0d-3763babc9694",
              "isHook": false,
              "skipped": false
            },
            {
              "title": "Check Product_id 2367",
              "fullTitle": "Check Class Pricing Check Product_id 2367",
              "timedOut": null,
              "duration": 23801,
              "state": "passed",
              "speed": "slow",
              "pass": true,
              "fail": false,
              "pending": false,
              "context": null,
              "code": "cy.assertProductPrice('https://pubninja.academy/product/2367');",
              "err": {},
              "uuid": "bfaa3450-21cd-4170-8ade-6cc0187cb3c9",
              "parentUUID": "c87f95ec-7ddf-4db7-bf0d-3763babc9694",
              "isHook": false,
              "skipped": false
            }
          ],
          "suites": [],
          "passes": [
            "f7e1387b-22e0-4555-a259-76850428799b",
            "c0b4b7bd-3ae9-4d95-a102-8d8dd19da696",
            "b22c29e6-d3e5-4b2d-ac0c-86b85ce72e12",
            "226314b9-8373-42ad-8a87-abe2580f2eef",
            "23595361-aa01-4dc4-8ed0-c16844d109e6",
            "d78bb04b-bd59-4c54-bf8f-e55dab61d011",
            "263d0600-5d0f-4471-ae33-75ec2a838d4b",
            "1e4365a7-66ee-4067-8e36-d1e45416f77e",
            "969654a6-8412-41d2-a84b-ebca7564eaa2",
            "651cf53f-de45-410d-b9d4-3d2a54bb5206",
            "2302b1af-aeb4-4bab-b3ff-32cbcd1601b4",
            "07bd4f99-6921-4320-bd21-7eb213ccadbe",
            "bfaa3450-21cd-4170-8ade-6cc0187cb3c9"
          ],
          "failures": [
            "9945b1ee-c20a-472f-851b-e75a52ed0b06"
          ],
          "pending": [],
          "skipped": [],
          "duration": 179657,
          "root": false,
          "rootEmpty": false,
          "_timeout": 2000
        }
      ],
      "passes": [],
      "failures": [],
      "pending": [],
      "skipped": [],
      "duration": 0,
      "root": true,
      "rootEmpty": true,
      "_timeout": 2000
    }
  ],
  "meta": {
    "mocha": {
      "version": "7.0.1"
    },
    "mochawesome": {
      "options": {
        "quiet": false,
        "reportFilename": "report",
        "saveHtml": true,
        "saveJson": true,
        "consoleReporter": "spec",
        "useInlineDiffs": false,
        "code": true
      },
      "version": "6.2.2"
    },
    "marge": {
      "options": {
        "reportDir": "cypress/reports",
        "reportFilename": "report",
        "overwrite": false,
        "html": true,
        "json": true,
        "timestamp": "mmddyyyy_HHMMss"
      },
      "version": "5.2.0"
    }
  }
}