{
  "stats": {
    "suites": 1,
    "tests": 15,
    "passes": 14,
    "pending": 0,
    "failures": 1,
    "start": "2021-04-17T13:19:10.931Z",
    "end": "2021-04-17T13:22:36.000Z",
    "duration": 205069,
    "testsRegistered": 35,
    "passPercent": 40,
    "pendingPercent": 0,
    "other": 0,
    "hasOther": false,
    "skipped": 20,
    "hasSkipped": true
  },
  "results": [
    {
      "uuid": "22f59787-cffa-42dc-bb5d-5ea5f6197476",
      "title": "",
      "fullFile": "cypress/integration/testcase/check_pricing_set01.spec.js",
      "file": "cypress/integration/testcase/check_pricing_set01.spec.js",
      "beforeHooks": [],
      "afterHooks": [],
      "tests": [],
      "suites": [
        {
          "uuid": "a364315d-819f-467c-b885-243525836e5f",
          "title": "Check Class Pricing",
          "fullFile": "",
          "file": "",
          "beforeHooks": [],
          "afterHooks": [],
          "tests": [
            {
              "title": "check https://pubninja.academy/product/1720",
              "fullTitle": "Check Class Pricing check https://pubninja.academy/product/1720",
              "timedOut": null,
              "duration": 17650,
              "state": "passed",
              "speed": "slow",
              "pass": true,
              "fail": false,
              "pending": false,
              "context": null,
              "code": "cy.assertProductPrice('https://pubninja.academy/product/1720');",
              "err": {},
              "uuid": "dcc9e1b9-4396-41a8-9e80-cea8724640b7",
              "parentUUID": "a364315d-819f-467c-b885-243525836e5f",
              "isHook": false,
              "skipped": false
            },
            {
              "title": "check https://pubninja.academy/product/1747",
              "fullTitle": "Check Class Pricing check https://pubninja.academy/product/1747",
              "timedOut": null,
              "duration": 16356,
              "state": "passed",
              "speed": "slow",
              "pass": true,
              "fail": false,
              "pending": false,
              "context": null,
              "code": "cy.assertProductPrice('https://pubninja.academy/product/1747');",
              "err": {},
              "uuid": "f26716c1-1363-4a67-9298-815005b1db20",
              "parentUUID": "a364315d-819f-467c-b885-243525836e5f",
              "isHook": false,
              "skipped": false
            },
            {
              "title": "check https://pubninja.academy/product/1748",
              "fullTitle": "Check Class Pricing check https://pubninja.academy/product/1748",
              "timedOut": null,
              "duration": 14612,
              "state": "passed",
              "speed": "slow",
              "pass": true,
              "fail": false,
              "pending": false,
              "context": null,
              "code": "cy.assertProductPrice('https://pubninja.academy/product/1748');",
              "err": {},
              "uuid": "55553ecc-145b-4190-abfd-f04b247a2ecc",
              "parentUUID": "a364315d-819f-467c-b885-243525836e5f",
              "isHook": false,
              "skipped": false
            },
            {
              "title": "check https://pubninja.academy/product/1811",
              "fullTitle": "Check Class Pricing check https://pubninja.academy/product/1811",
              "timedOut": null,
              "duration": 15368,
              "state": "passed",
              "speed": "slow",
              "pass": true,
              "fail": false,
              "pending": false,
              "context": null,
              "code": "cy.assertProductPrice('https://pubninja.academy/product/1811');",
              "err": {},
              "uuid": "d016f735-2361-411c-94f4-2dfb3449bc97",
              "parentUUID": "a364315d-819f-467c-b885-243525836e5f",
              "isHook": false,
              "skipped": false
            },
            {
              "title": "check https://pubninja.academy/product/1825",
              "fullTitle": "Check Class Pricing check https://pubninja.academy/product/1825",
              "timedOut": null,
              "duration": 16629,
              "state": "passed",
              "speed": "slow",
              "pass": true,
              "fail": false,
              "pending": false,
              "context": null,
              "code": "cy.assertProductPrice('https://pubninja.academy/product/1825');",
              "err": {},
              "uuid": "c654084d-9abd-4a16-b8e0-76f57b2632a0",
              "parentUUID": "a364315d-819f-467c-b885-243525836e5f",
              "isHook": false,
              "skipped": false
            },
            {
              "title": "check https://pubninja.academy/product/1845",
              "fullTitle": "Check Class Pricing check https://pubninja.academy/product/1845",
              "timedOut": null,
              "duration": 16362,
              "state": "passed",
              "speed": "slow",
              "pass": true,
              "fail": false,
              "pending": false,
              "context": null,
              "code": "cy.assertProductPrice('https://pubninja.academy/product/1845');",
              "err": {},
              "uuid": "ba972090-fe25-4909-a9c8-1b80c642e2fe",
              "parentUUID": "a364315d-819f-467c-b885-243525836e5f",
              "isHook": false,
              "skipped": false
            },
            {
              "title": "check https://pubninja.academy/product/1850",
              "fullTitle": "Check Class Pricing check https://pubninja.academy/product/1850",
              "timedOut": null,
              "duration": 15413,
              "state": "passed",
              "speed": "slow",
              "pass": true,
              "fail": false,
              "pending": false,
              "context": null,
              "code": "cy.assertProductPrice('https://pubninja.academy/product/1850');",
              "err": {},
              "uuid": "cb3f4537-131d-4ed9-b659-589248fbd255",
              "parentUUID": "a364315d-819f-467c-b885-243525836e5f",
              "isHook": false,
              "skipped": false
            },
            {
              "title": "check https://pubninja.academy/product/1861",
              "fullTitle": "Check Class Pricing check https://pubninja.academy/product/1861",
              "timedOut": null,
              "duration": 14113,
              "state": "passed",
              "speed": "slow",
              "pass": true,
              "fail": false,
              "pending": false,
              "context": null,
              "code": "cy.assertProductPrice('https://pubninja.academy/product/1861');",
              "err": {},
              "uuid": "7dc3d799-8f5f-4531-9417-22965ee1e078",
              "parentUUID": "a364315d-819f-467c-b885-243525836e5f",
              "isHook": false,
              "skipped": false
            },
            {
              "title": "check https://pubninja.academy/product/1878",
              "fullTitle": "Check Class Pricing check https://pubninja.academy/product/1878",
              "timedOut": null,
              "duration": 17501,
              "state": "passed",
              "speed": "slow",
              "pass": true,
              "fail": false,
              "pending": false,
              "context": null,
              "code": "cy.assertProductPrice('https://pubninja.academy/product/1878');",
              "err": {},
              "uuid": "f7386dcf-83c1-49e6-b1f3-9a773e400b66",
              "parentUUID": "a364315d-819f-467c-b885-243525836e5f",
              "isHook": false,
              "skipped": false
            },
            {
              "title": "check https://pubninja.academy/product/1882",
              "fullTitle": "Check Class Pricing check https://pubninja.academy/product/1882",
              "timedOut": null,
              "duration": 15088,
              "state": "passed",
              "speed": "slow",
              "pass": true,
              "fail": false,
              "pending": false,
              "context": null,
              "code": "cy.assertProductPrice('https://pubninja.academy/product/1882');",
              "err": {},
              "uuid": "7ac01ef4-f8ef-49da-bb50-85444dffd699",
              "parentUUID": "a364315d-819f-467c-b885-243525836e5f",
              "isHook": false,
              "skipped": false
            },
            {
              "title": "check https://pubninja.academy/product/1883",
              "fullTitle": "Check Class Pricing check https://pubninja.academy/product/1883",
              "timedOut": null,
              "duration": 1604,
              "state": "failed",
              "speed": null,
              "pass": false,
              "fail": true,
              "pending": false,
              "context": null,
              "code": "cy.assertProductPrice('hhttps://pubninja.academy/product/1883');",
              "err": {
                "message": "CypressError: `cy.visit()` failed trying to load:\n\nhhttps://pubninja.academy/product/1883\n\nWe attempted to make an http request to this URL but the request failed without a response.\n\nWe received this error at the network level:\n\n  > Error: Invalid protocol: hhttps:\n\nCommon situations why this would fail:\n  - you don't have internet access\n  - you forgot to run / boot your web server\n  - your web server isn't accessible\n  - you have weird network configuration settings on your computer",
                "estack": "CypressError: `cy.visit()` failed trying to load:\n\nhhttps://pubninja.academy/product/1883\n\nWe attempted to make an http request to this URL but the request failed without a response.\n\nWe received this error at the network level:\n\n  > Error: Invalid protocol: hhttps:\n\nCommon situations why this would fail:\n  - you don't have internet access\n  - you forgot to run / boot your web server\n  - your web server isn't accessible\n  - you have weird network configuration settings on your computer\n    at https://pubninja.academy/__cypress/runner/cypress_runner.js:138220:23\n    at visitFailedByErr (https://pubninja.academy/__cypress/runner/cypress_runner.js:137579:12)\n    at https://pubninja.academy/__cypress/runner/cypress_runner.js:138219:11\n    at tryCatcher (https://pubninja.academy/__cypress/runner/cypress_runner.js:10747:23)\n    at Promise._settlePromiseFromHandler (https://pubninja.academy/__cypress/runner/cypress_runner.js:8682:31)\n    at Promise._settlePromise (https://pubninja.academy/__cypress/runner/cypress_runner.js:8739:18)\n    at Promise._settlePromise0 (https://pubninja.academy/__cypress/runner/cypress_runner.js:8784:10)\n    at Promise._settlePromises (https://pubninja.academy/__cypress/runner/cypress_runner.js:8860:18)\n    at _drainQueueStep (https://pubninja.academy/__cypress/runner/cypress_runner.js:5454:12)\n    at _drainQueue (https://pubninja.academy/__cypress/runner/cypress_runner.js:5447:9)\n    at Async.../../node_modules/bluebird/js/release/async.js.Async._drainQueues (https://pubninja.academy/__cypress/runner/cypress_runner.js:5463:5)\n    at Async.drainQueues (https://pubninja.academy/__cypress/runner/cypress_runner.js:5333:14)\nFrom Your Spec Code:\n    at Context.eval (https://pubninja.academy/__cypress/tests?p=cypress/support/index.js:125:6)\n\nFrom Node.js Internals:\n  Error: Invalid protocol: hhttps:\n      at Request.init (/Users/bharathranganath/Library/Caches/Cypress/7.0.1/Cypress.app/Contents/Resources/app/packages/server/node_modules/@cypress/request/request.js:458:31)\n      at new Request (/Users/bharathranganath/Library/Caches/Cypress/7.0.1/Cypress.app/Contents/Resources/app/packages/server/node_modules/@cypress/request/request.js:127:8)\n      at request (/Users/bharathranganath/Library/Caches/Cypress/7.0.1/Cypress.app/Contents/Resources/app/packages/server/node_modules/@cypress/request/index.js:53:10)\n      at /Users/bharathranganath/Library/Caches/Cypress/7.0.1/Cypress.app/Contents/Resources/app/packages/server/node_modules/@cypress/request/index.js:100:12\n      at tryStartStream (/Users/bharathranganath/Library/Caches/Cypress/7.0.1/Cypress.app/Contents/Resources/app/packages/server/lib/request.js:281:23)\n      at createRetryingRequestStream (/Users/bharathranganath/Library/Caches/Cypress/7.0.1/Cypress.app/Contents/Resources/app/packages/server/lib/request.js:383:3)\n      at Object.create (/Users/bharathranganath/Library/Caches/Cypress/7.0.1/Cypress.app/Contents/Resources/app/packages/server/lib/request.js:469:14)\n      at /Users/bharathranganath/Library/Caches/Cypress/7.0.1/Cypress.app/Contents/Resources/app/packages/server/lib/request.js:657:23\n      at /Users/bharathranganath/Library/Caches/Cypress/7.0.1/Cypress.app/Contents/Resources/app/packages/server/lib/server-e2e.js:366:36\n      at tryCatcher (/Users/bharathranganath/Library/Caches/Cypress/7.0.1/Cypress.app/Contents/Resources/app/packages/server/node_modules/bluebird/js/release/util.js:16:23)\n      at Promise._settlePromiseFromHandler (/Users/bharathranganath/Library/Caches/Cypress/7.0.1/Cypress.app/Contents/Resources/app/packages/server/node_modules/bluebird/js/release/promise.js:547:31)\n      at Promise._settlePromise (/Users/bharathranganath/Library/Caches/Cypress/7.0.1/Cypress.app/Contents/Resources/app/packages/server/node_modules/bluebird/js/release/promise.js:604:18)\n      at Promise._settlePromise0 (/Users/bharathranganath/Library/Caches/Cypress/7.0.1/Cypress.app/Contents/Resources/app/packages/server/node_modules/bluebird/js/release/promise.js:649:10)\n      at Promise._settlePromises (/Users/bharathranganath/Library/Caches/Cypress/7.0.1/Cypress.app/Contents/Resources/app/packages/server/node_modules/bluebird/js/release/promise.js:729:18)\n      at _drainQueueStep (/Users/bharathranganath/Library/Caches/Cypress/7.0.1/Cypress.app/Contents/Resources/app/packages/server/node_modules/bluebird/js/release/async.js:93:12)\n      at _drainQueue (/Users/bharathranganath/Library/Caches/Cypress/7.0.1/Cypress.app/Contents/Resources/app/packages/server/node_modules/bluebird/js/release/async.js:86:9)\n      at Async._drainQueues (/Users/bharathranganath/Library/Caches/Cypress/7.0.1/Cypress.app/Contents/Resources/app/packages/server/node_modules/bluebird/js/release/async.js:102:5)\n      at Immediate.Async.drainQueues [as _onImmediate] (/Users/bharathranganath/Library/Caches/Cypress/7.0.1/Cypress.app/Contents/Resources/app/packages/server/node_modules/bluebird/js/release/async.js:15:14)\n      at processImmediate (internal/timers.js:461:21)\n  ",
                "diff": null
              },
              "uuid": "4bed0b06-47e1-489f-ac38-cf3606c3f471",
              "parentUUID": "a364315d-819f-467c-b885-243525836e5f",
              "isHook": false,
              "skipped": false
            },
            {
              "title": "check https://pubninja.academy/product/1885",
              "fullTitle": "Check Class Pricing check https://pubninja.academy/product/1885",
              "timedOut": null,
              "duration": 14215,
              "state": "passed",
              "speed": "slow",
              "pass": true,
              "fail": false,
              "pending": false,
              "context": null,
              "code": "cy.assertProductPrice('https://pubninja.academy/product/1885');",
              "err": {},
              "uuid": "c4240110-9f93-4fe2-ba3b-0ece979f67c4",
              "parentUUID": "a364315d-819f-467c-b885-243525836e5f",
              "isHook": false,
              "skipped": false
            },
            {
              "title": "check https://pubninja.academy/product/1889",
              "fullTitle": "Check Class Pricing check https://pubninja.academy/product/1889",
              "timedOut": null,
              "duration": 3394,
              "state": "passed",
              "speed": "slow",
              "pass": true,
              "fail": false,
              "pending": false,
              "context": null,
              "code": "cy.assertProductPrice('https://pubninja.academy/product/1889');",
              "err": {},
              "uuid": "3f91c529-dfd7-4bf2-ac5d-9420e406ab92",
              "parentUUID": "a364315d-819f-467c-b885-243525836e5f",
              "isHook": false,
              "skipped": false
            },
            {
              "title": "check https://pubninja.academy/product/1892",
              "fullTitle": "Check Class Pricing check https://pubninja.academy/product/1892",
              "timedOut": null,
              "duration": 3653,
              "state": "passed",
              "speed": "slow",
              "pass": true,
              "fail": false,
              "pending": false,
              "context": null,
              "code": "cy.assertProductPrice('https://pubninja.academy/product/1892');",
              "err": {},
              "uuid": "2cdc3382-ff3c-42f2-8eb2-2fbdd0c25531",
              "parentUUID": "a364315d-819f-467c-b885-243525836e5f",
              "isHook": false,
              "skipped": false
            },
            {
              "title": "https://pubninja.academy/product/1893",
              "fullTitle": "Check Class Pricing https://pubninja.academy/product/1893",
              "timedOut": null,
              "duration": 17046,
              "state": "passed",
              "speed": "slow",
              "pass": true,
              "fail": false,
              "pending": false,
              "context": null,
              "code": "cy.assertProductPrice('https://pubninja.academy/product/1893');",
              "err": {},
              "uuid": "28251ea4-5ad2-4232-9644-334493dedeaf",
              "parentUUID": "a364315d-819f-467c-b885-243525836e5f",
              "isHook": false,
              "skipped": false
            },
            {
              "title": "check https://pubninja.academy/product/1897",
              "fullTitle": "Check Class Pricing check https://pubninja.academy/product/1897",
              "timedOut": null,
              "duration": 0,
              "state": "skipped",
              "speed": null,
              "pass": false,
              "fail": false,
              "pending": false,
              "context": null,
              "code": "cy.assertProductPrice('https://pubninja.academy/product/1897');",
              "err": {},
              "uuid": "e2cd811a-96a7-4c34-a5c9-fbdd5e876ad8",
              "parentUUID": "a364315d-819f-467c-b885-243525836e5f",
              "isHook": false,
              "skipped": true
            },
            {
              "title": "check https://pubninja.academy/product/1898",
              "fullTitle": "Check Class Pricing check https://pubninja.academy/product/1898",
              "timedOut": null,
              "duration": 0,
              "state": "skipped",
              "speed": null,
              "pass": false,
              "fail": false,
              "pending": false,
              "context": null,
              "code": "cy.assertProductPrice('https://pubninja.academy/product/1898');",
              "err": {},
              "uuid": "40913e20-e919-4ebe-88d8-c8dfb8ba6389",
              "parentUUID": "a364315d-819f-467c-b885-243525836e5f",
              "isHook": false,
              "skipped": true
            },
            {
              "title": "check https://pubninja.academy/product/1899",
              "fullTitle": "Check Class Pricing check https://pubninja.academy/product/1899",
              "timedOut": null,
              "duration": 0,
              "state": "skipped",
              "speed": null,
              "pass": false,
              "fail": false,
              "pending": false,
              "context": null,
              "code": "cy.assertProductPrice('https://pubninja.academy/product/1899');",
              "err": {},
              "uuid": "ca1ce5cc-084f-4968-b3e2-e4ee6659a212",
              "parentUUID": "a364315d-819f-467c-b885-243525836e5f",
              "isHook": false,
              "skipped": true
            },
            {
              "title": "check https://pubninja.academy/product/1900",
              "fullTitle": "Check Class Pricing check https://pubninja.academy/product/1900",
              "timedOut": null,
              "duration": 0,
              "state": "skipped",
              "speed": null,
              "pass": false,
              "fail": false,
              "pending": false,
              "context": null,
              "code": "cy.assertProductPrice('https://pubninja.academy/product/1900');",
              "err": {},
              "uuid": "0d0b6ddb-5300-46eb-b175-d93425db2522",
              "parentUUID": "a364315d-819f-467c-b885-243525836e5f",
              "isHook": false,
              "skipped": true
            },
            {
              "title": "check https://pubninja.academy/product/1901",
              "fullTitle": "Check Class Pricing check https://pubninja.academy/product/1901",
              "timedOut": null,
              "duration": 0,
              "state": "skipped",
              "speed": null,
              "pass": false,
              "fail": false,
              "pending": false,
              "context": null,
              "code": "cy.assertProductPrice('https://pubninja.academy/product/1901');",
              "err": {},
              "uuid": "05479835-4b09-4cbd-a1fd-f3a2bbcb3745",
              "parentUUID": "a364315d-819f-467c-b885-243525836e5f",
              "isHook": false,
              "skipped": true
            },
            {
              "title": "check https://pubninja.academy/product/1905",
              "fullTitle": "Check Class Pricing check https://pubninja.academy/product/1905",
              "timedOut": null,
              "duration": 0,
              "state": "skipped",
              "speed": null,
              "pass": false,
              "fail": false,
              "pending": false,
              "context": null,
              "code": "cy.assertProductPrice('https://pubninja.academy/product/1905');",
              "err": {},
              "uuid": "22f7373a-cfc5-40c1-8f74-93dc32892558",
              "parentUUID": "a364315d-819f-467c-b885-243525836e5f",
              "isHook": false,
              "skipped": true
            },
            {
              "title": "check https://pubninja.academy/product/1907",
              "fullTitle": "Check Class Pricing check https://pubninja.academy/product/1907",
              "timedOut": null,
              "duration": 0,
              "state": "skipped",
              "speed": null,
              "pass": false,
              "fail": false,
              "pending": false,
              "context": null,
              "code": "cy.assertProductPrice('https://pubninja.academy/product/1907');",
              "err": {},
              "uuid": "6518980c-9efe-4c7b-b1e7-9bab10f63c10",
              "parentUUID": "a364315d-819f-467c-b885-243525836e5f",
              "isHook": false,
              "skipped": true
            },
            {
              "title": "check https://pubninja.academy/product/1912",
              "fullTitle": "Check Class Pricing check https://pubninja.academy/product/1912",
              "timedOut": null,
              "duration": 0,
              "state": "skipped",
              "speed": null,
              "pass": false,
              "fail": false,
              "pending": false,
              "context": null,
              "code": "cy.assertProductPrice('https://pubninja.academy/product/1912');",
              "err": {},
              "uuid": "dd8bcc90-1523-4016-8d94-08fcb3794cad",
              "parentUUID": "a364315d-819f-467c-b885-243525836e5f",
              "isHook": false,
              "skipped": true
            },
            {
              "title": "check https://pubninja.academy/product/1913",
              "fullTitle": "Check Class Pricing check https://pubninja.academy/product/1913",
              "timedOut": null,
              "duration": 0,
              "state": "skipped",
              "speed": null,
              "pass": false,
              "fail": false,
              "pending": false,
              "context": null,
              "code": "cy.assertProductPrice('https://pubninja.academy/product/1913');",
              "err": {},
              "uuid": "64d446cf-2d49-4ea1-b30d-3b4152894992",
              "parentUUID": "a364315d-819f-467c-b885-243525836e5f",
              "isHook": false,
              "skipped": true
            },
            {
              "title": "check https://pubninja.academy/product/1917",
              "fullTitle": "Check Class Pricing check https://pubninja.academy/product/1917",
              "timedOut": null,
              "duration": 0,
              "state": "skipped",
              "speed": null,
              "pass": false,
              "fail": false,
              "pending": false,
              "context": null,
              "code": "cy.assertProductPrice('https://pubninja.academy/product/1917');",
              "err": {},
              "uuid": "b0c6e349-3375-44a8-a052-594a8fa30171",
              "parentUUID": "a364315d-819f-467c-b885-243525836e5f",
              "isHook": false,
              "skipped": true
            },
            {
              "title": "check https://pubninja.academy/product/1918",
              "fullTitle": "Check Class Pricing check https://pubninja.academy/product/1918",
              "timedOut": null,
              "duration": 0,
              "state": "skipped",
              "speed": null,
              "pass": false,
              "fail": false,
              "pending": false,
              "context": null,
              "code": "cy.assertProductPrice('https://pubninja.academy/product/1918');",
              "err": {},
              "uuid": "bc969dac-57d8-4492-bac1-7039d2e63279",
              "parentUUID": "a364315d-819f-467c-b885-243525836e5f",
              "isHook": false,
              "skipped": true
            },
            {
              "title": "check https://pubninja.academy/product/1922",
              "fullTitle": "Check Class Pricing check https://pubninja.academy/product/1922",
              "timedOut": null,
              "duration": 0,
              "state": "skipped",
              "speed": null,
              "pass": false,
              "fail": false,
              "pending": false,
              "context": null,
              "code": "cy.assertProductPrice('https://pubninja.academy/product/1922');",
              "err": {},
              "uuid": "f16131c4-8321-4e5f-9a8e-b260b6986c11",
              "parentUUID": "a364315d-819f-467c-b885-243525836e5f",
              "isHook": false,
              "skipped": true
            },
            {
              "title": "check https://pubninja.academy/product/1923",
              "fullTitle": "Check Class Pricing check https://pubninja.academy/product/1923",
              "timedOut": null,
              "duration": 0,
              "state": "skipped",
              "speed": null,
              "pass": false,
              "fail": false,
              "pending": false,
              "context": null,
              "code": "cy.assertProductPrice('https://pubninja.academy/product/1923');",
              "err": {},
              "uuid": "38bec73e-3f97-4e00-aef6-345da6bb6b06",
              "parentUUID": "a364315d-819f-467c-b885-243525836e5f",
              "isHook": false,
              "skipped": true
            },
            {
              "title": "check https://pubninja.academy/product/1924",
              "fullTitle": "Check Class Pricing check https://pubninja.academy/product/1924",
              "timedOut": null,
              "duration": 0,
              "state": "skipped",
              "speed": null,
              "pass": false,
              "fail": false,
              "pending": false,
              "context": null,
              "code": "cy.assertProductPrice('https://pubninja.academy/product/1924');",
              "err": {},
              "uuid": "99fa2545-df66-418d-a5a2-a087cb95af16",
              "parentUUID": "a364315d-819f-467c-b885-243525836e5f",
              "isHook": false,
              "skipped": true
            },
            {
              "title": "check https://pubninja.academy/product/1927",
              "fullTitle": "Check Class Pricing check https://pubninja.academy/product/1927",
              "timedOut": null,
              "duration": 0,
              "state": "skipped",
              "speed": null,
              "pass": false,
              "fail": false,
              "pending": false,
              "context": null,
              "code": "cy.assertProductPrice('https://pubninja.academy/product/1927');",
              "err": {},
              "uuid": "3a0e7614-daad-4434-954b-fa6bf0dd4fcc",
              "parentUUID": "a364315d-819f-467c-b885-243525836e5f",
              "isHook": false,
              "skipped": true
            },
            {
              "title": "check https://pubninja.academy/product/1928",
              "fullTitle": "Check Class Pricing check https://pubninja.academy/product/1928",
              "timedOut": null,
              "duration": 0,
              "state": "skipped",
              "speed": null,
              "pass": false,
              "fail": false,
              "pending": false,
              "context": null,
              "code": "cy.assertProductPrice('https://pubninja.academy/product/1928');",
              "err": {},
              "uuid": "effc5c01-a1da-4208-8b93-edbe1cf9bf35",
              "parentUUID": "a364315d-819f-467c-b885-243525836e5f",
              "isHook": false,
              "skipped": true
            },
            {
              "title": "check https://pubninja.academy/product/1930",
              "fullTitle": "Check Class Pricing check https://pubninja.academy/product/1930",
              "timedOut": null,
              "duration": 0,
              "state": "skipped",
              "speed": null,
              "pass": false,
              "fail": false,
              "pending": false,
              "context": null,
              "code": "cy.assertProductPrice('https://pubninja.academy/product/1930');",
              "err": {},
              "uuid": "08e280cd-c3c4-40ce-bc63-e1a27eeec3b6",
              "parentUUID": "a364315d-819f-467c-b885-243525836e5f",
              "isHook": false,
              "skipped": true
            },
            {
              "title": "checkhttps://pubninja.academy/product/1932 ",
              "fullTitle": "Check Class Pricing checkhttps://pubninja.academy/product/1932 ",
              "timedOut": null,
              "duration": 0,
              "state": "skipped",
              "speed": null,
              "pass": false,
              "fail": false,
              "pending": false,
              "context": null,
              "code": "cy.assertProductPrice('https://pubninja.academy/product/1932');",
              "err": {},
              "uuid": "6ef8d9a3-1f81-469e-a5b6-6430a308af54",
              "parentUUID": "a364315d-819f-467c-b885-243525836e5f",
              "isHook": false,
              "skipped": true
            },
            {
              "title": "check https://pubninja.academy/product/1935",
              "fullTitle": "Check Class Pricing check https://pubninja.academy/product/1935",
              "timedOut": null,
              "duration": 0,
              "state": "skipped",
              "speed": null,
              "pass": false,
              "fail": false,
              "pending": false,
              "context": null,
              "code": "cy.assertProductPrice('https://pubninja.academy/product/1935');",
              "err": {},
              "uuid": "bc3bb47b-eac2-4120-86ef-3f43316cfc33",
              "parentUUID": "a364315d-819f-467c-b885-243525836e5f",
              "isHook": false,
              "skipped": true
            },
            {
              "title": "check https://pubninja.academy/product/1940",
              "fullTitle": "Check Class Pricing check https://pubninja.academy/product/1940",
              "timedOut": null,
              "duration": 0,
              "state": "skipped",
              "speed": null,
              "pass": false,
              "fail": false,
              "pending": false,
              "context": null,
              "code": "cy.assertProductPrice('https://pubninja.academy/product/1940');",
              "err": {},
              "uuid": "bf5e2456-a731-47e4-8c05-09e1656b52cd",
              "parentUUID": "a364315d-819f-467c-b885-243525836e5f",
              "isHook": false,
              "skipped": true
            }
          ],
          "suites": [],
          "passes": [
            "dcc9e1b9-4396-41a8-9e80-cea8724640b7",
            "f26716c1-1363-4a67-9298-815005b1db20",
            "55553ecc-145b-4190-abfd-f04b247a2ecc",
            "d016f735-2361-411c-94f4-2dfb3449bc97",
            "c654084d-9abd-4a16-b8e0-76f57b2632a0",
            "ba972090-fe25-4909-a9c8-1b80c642e2fe",
            "cb3f4537-131d-4ed9-b659-589248fbd255",
            "7dc3d799-8f5f-4531-9417-22965ee1e078",
            "f7386dcf-83c1-49e6-b1f3-9a773e400b66",
            "7ac01ef4-f8ef-49da-bb50-85444dffd699",
            "c4240110-9f93-4fe2-ba3b-0ece979f67c4",
            "3f91c529-dfd7-4bf2-ac5d-9420e406ab92",
            "2cdc3382-ff3c-42f2-8eb2-2fbdd0c25531",
            "28251ea4-5ad2-4232-9644-334493dedeaf"
          ],
          "failures": [
            "4bed0b06-47e1-489f-ac38-cf3606c3f471"
          ],
          "pending": [],
          "skipped": [
            "e2cd811a-96a7-4c34-a5c9-fbdd5e876ad8",
            "40913e20-e919-4ebe-88d8-c8dfb8ba6389",
            "ca1ce5cc-084f-4968-b3e2-e4ee6659a212",
            "0d0b6ddb-5300-46eb-b175-d93425db2522",
            "05479835-4b09-4cbd-a1fd-f3a2bbcb3745",
            "22f7373a-cfc5-40c1-8f74-93dc32892558",
            "6518980c-9efe-4c7b-b1e7-9bab10f63c10",
            "dd8bcc90-1523-4016-8d94-08fcb3794cad",
            "64d446cf-2d49-4ea1-b30d-3b4152894992",
            "b0c6e349-3375-44a8-a052-594a8fa30171",
            "bc969dac-57d8-4492-bac1-7039d2e63279",
            "f16131c4-8321-4e5f-9a8e-b260b6986c11",
            "38bec73e-3f97-4e00-aef6-345da6bb6b06",
            "99fa2545-df66-418d-a5a2-a087cb95af16",
            "3a0e7614-daad-4434-954b-fa6bf0dd4fcc",
            "effc5c01-a1da-4208-8b93-edbe1cf9bf35",
            "08e280cd-c3c4-40ce-bc63-e1a27eeec3b6",
            "6ef8d9a3-1f81-469e-a5b6-6430a308af54",
            "bc3bb47b-eac2-4120-86ef-3f43316cfc33",
            "bf5e2456-a731-47e4-8c05-09e1656b52cd"
          ],
          "duration": 199004,
          "root": false,
          "rootEmpty": false,
          "_timeout": 2000
        }
      ],
      "passes": [],
      "failures": [],
      "pending": [],
      "skipped": [],
      "duration": 0,
      "root": true,
      "rootEmpty": true,
      "_timeout": 2000
    }
  ],
  "meta": {
    "mocha": {
      "version": "7.0.1"
    },
    "mochawesome": {
      "options": {
        "quiet": false,
        "reportFilename": "report",
        "saveHtml": true,
        "saveJson": true,
        "consoleReporter": "spec",
        "useInlineDiffs": false,
        "code": true
      },
      "version": "6.2.2"
    },
    "marge": {
      "options": {
        "reportDir": "cypress/reports",
        "reportFilename": "report",
        "overwrite": false,
        "html": true,
        "json": true,
        "timestamp": "mmddyyyy_HHMMss"
      },
      "version": "5.2.0"
    }
  }
}